
Log started (V12.8.0.0) Fri Nov 23 14:17:08 2018

New value for time limit in seconds: 3600
New value for mixed integer optimality gap tolerance: 0
New value for upper limit on size of tree in megabytes: 64413.2
CPXPARAM_TimeLimit                               3600
CPXPARAM_MIP_Tolerances_MIPGap                   0
CPXPARAM_MIP_Limits_TreeMemory                   64413.1875
Tried aggregator 3 times.
MIP Presolve eliminated 32059 rows and 422 columns.
MIP Presolve modified 1009 coefficients.
Aggregator did 223 substitutions.
Reduced MIP has 9321 rows, 5804 columns, and 72282 nonzeros.
Reduced MIP has 3259 binaries, 0 generals, 0 SOSs, and 0 indicators.
Presolve time = 0.31 sec. (304.40 ticks)
Probing fixed 189 vars, tightened 1619 bounds.
Probing changed sense of 286 constraints.
Probing time = 0.16 sec. (52.77 ticks)
Tried aggregator 2 times.
MIP Presolve eliminated 884 rows and 264 columns.
MIP Presolve modified 750 coefficients.
Aggregator did 100 substitutions.
Reduced MIP has 8337 rows, 5440 columns, and 55184 nonzeros.
Reduced MIP has 2995 binaries, 1 generals, 0 SOSs, and 0 indicators.
Presolve time = 0.14 sec. (119.00 ticks)
Probing fixed 0 vars, tightened 42 bounds.
Probing time = 0.10 sec. (24.54 ticks)
Clique table members: 9940.
MIP emphasis: balance optimality and feasibility.
MIP search method: dynamic search.
Parallel mode: deterministic, using up to 12 threads.
Root relaxation solution time = 1.38 sec. (907.35 ticks)

        Nodes                                         Cuts/
   Node  Left     Objective  IInf  Best Integer    Best Bound    ItCnt     Gap

      0     0    16380.5052   784                  16380.5052       56         
      0     0    21004.3653   198                   Cuts: 383     5521         
      0     0    21004.3883   184                   Cuts: 187     8509         
      0     0    21004.3970   190                   Cuts: 113     9323         
      0     0    21004.3992   197                    Cuts: 51     9452         
*     0+    0                        23010.9019    21004.3992             8.72%
      0     2    21004.3992   193    23010.9019    21004.4257     9452    8.72%
Elapsed time = 11.37 sec. (7186.30 ticks, tree = 0.01 MB, solutions = 1)
      2     4    21004.4001   160    23010.9019    21004.4257    11541    8.72%
     17     8    21033.3576   190    23010.9019    21004.4257    11888    8.72%
     64    22    21033.3574   206    23010.9019    21004.4257    12913    8.72%
     72    10    21033.3598   200    23010.9019    21004.4257    13772    8.72%
     83    56    22004.4444   166    23010.9019    21004.4257    37080    8.72%
     91    60    22004.4419   187    23010.9019    21004.4257    39658    8.72%
    104    86    22004.4453   161    23010.9019    21004.4257    58835    8.72%
    138   114    21004.4015   141    23010.9019    21004.4257    74476    8.72%
    236   146    22004.4435   190    23010.9019    21004.4257    88570    8.72%
    929   656    22005.1530   143    23010.9019    21004.4257   108592    8.72%
Elapsed time = 18.21 sec. (11012.03 ticks, tree = 49.10 MB, solutions = 1)
*  1540  1286      integral     0    22009.2335    21004.4257   135537    4.57%
   1702  1318    21005.3169    87    22009.2335    21004.4257   145267    4.57%
*  2030+ 1513                        22007.1007    21004.4257             4.56%
   2180  1521    21254.4863   200    22007.1007    21004.4257   165515    4.56%
*  2479+ 1778                        22006.7852    21004.4257             4.55%
   2531  1818    22005.3948    82    22006.7852    21004.4257   194759    4.55%
*  2671+ 1724                        22006.5571    21004.4257             4.55%
*  2703+ 1720                        21008.1530    21004.4257             0.02%
*  2704+ 1659                        21007.2681    21004.4257             0.01%
*  2802+ 1777                        21006.9498    21004.4257             0.01%
   2858   650    21004.7972   105    21006.9498    21004.4257   213215    0.01%
*  3104+  872                        21006.8489    21004.4257             0.01%
   3282  1074    21006.6858    74    21006.8489    21004.4257   237342    0.01%
   3866  1536    21004.8867   118    21006.8489    21004.4257   266035    0.01%
*  3902+ 1537                        21006.6275    21004.4257             0.01%
*  4026+ 1671                        21005.9101    21004.4257             0.01%
   4396  1621    21005.8130    84    21005.9101    21004.4257   289675    0.01%
*  4679+ 1434                        21005.7794    21004.7159             0.01%
*  4679+  956                        21005.7386    21004.7159             0.00%
   4679   957    21004.7159   254    21005.7386    21004.7159   328346    0.00%
   4680   957    21004.7160   264    21005.7386    21004.7162   328365    0.00%
   4681   956    21004.8421   183    21005.7386    21004.7162   344292    0.00%
Elapsed time = 51.00 sec. (33399.05 ticks, tree = 98.79 MB, solutions = 22)
   4685   768    21005.0117   217    21005.7386    21004.7312   351895    0.00%
   4692   324    21005.0292   209    21005.7386    21004.7312   358530    0.00%
   4706    50    21005.1331   104    21005.7386    21004.7312   362665    0.00%
   4729    26    21005.0444   237    21005.7386    21004.7312   362935    0.00%
   4786    47    21005.1474   130    21005.7386    21004.7315   383492    0.00%
   4891   133    21005.6489    92    21005.7386    21004.7315   402498    0.00%
   5053   250    21005.1066   230    21005.7386    21004.7524   438174    0.00%
   5179   351    21004.9749   136    21005.7386    21004.7524   454216    0.00%
   5397   432    21005.1043   123    21005.7386    21004.7585   466238    0.00%
   5705   603    21005.7203    95    21005.7386    21004.7733   488548    0.00%
Elapsed time = 67.03 sec. (43174.05 ticks, tree = 39.03 MB, solutions = 22)
   5981   841    21005.2026   119    21005.7386    21004.7934   514648    0.00%
*  6307+ 1053                        21005.6587    21004.7934             0.00%
   6338  1059    21005.5046   181    21005.6587    21004.7934   531467    0.00%
*  6518+ 1004                        21005.6057    21004.7934             0.00%
   6600  1155        cutoff          21005.6057    21004.7934   553756    0.00%
   6853  1376    21005.1037   169    21005.6057    21004.7946   586535    0.00%
   7073  1472    21004.9798   131    21005.6057    21004.8143   594021    0.00%
*  7228+ 1519                        21005.4950    21004.8143             0.00%
   7375  1513    21005.1827    83    21005.4950    21004.8143   612349    0.00%
   7638  1711    21005.3143   159    21005.4950    21004.8143   628781    0.00%
*  7675+ 1213                        21005.4514    21004.8143             0.00%
*  7721+ 1712                        21005.4106    21004.8226             0.00%
   7824  1712    21005.0104   130    21005.4106    21004.8389   637730    0.00%
   7967  1782    21005.1994   205    21005.4106    21004.8389   654076    0.00%
   8107  1881    21004.9217   145    21005.4106    21004.8389   666119    0.00%
Elapsed time = 83.99 sec. (52741.60 ticks, tree = 116.73 MB, solutions = 33)
   8228  1958    21005.3038   227    21005.4106    21004.8389   672650    0.00%
   8419  2113    21005.0718    72    21005.4106    21004.8389   685166    0.00%
   8472  2176    21004.9721   147    21005.4106    21004.8389   691375    0.00%
   8702  2380    21005.3285   185    21005.4106    21004.8502   699730    0.00%
   8963  2465    21005.1886   120    21005.4106    21004.8502   704624    0.00%
   9190  2752    21004.9264   190    21005.4106    21004.8502   724818    0.00%
   9357  2866    21005.1638   146    21005.4106    21004.8502   737153    0.00%
   9415  2967    21005.2884   179    21005.4106    21004.8516   746732    0.00%
   9480  3083    21005.3373   158    21005.4106    21004.8516   759934    0.00%
   9659  3219        cutoff          21005.4106    21004.8516   786281    0.00%
Elapsed time = 100.21 sec. (62472.95 ticks, tree = 214.49 MB, solutions = 36)
   9764  3308    21005.2631   139    21005.4106    21004.8676   792319    0.00%
   9846  3334    21005.3591    70    21005.4106    21004.8676   793024    0.00%
   9989  3509    21005.0004   120    21005.4106    21004.8676   811114    0.00%
  10226  3662    21005.3623   137    21005.4106    21004.8676   825281    0.00%
  10396  3805    21005.1715   119    21005.4106    21004.8676   836417    0.00%
  10629  4053    21005.4055   100    21005.4106    21004.8676   861571    0.00%
  10945  4092    21005.0097   139    21005.4106    21004.8716   871307    0.00%
  11260  4199        cutoff          21005.4106    21004.8716   881192    0.00%
  11538  4569    21005.3308    37    21005.4106    21004.8716   925994    0.00%
  11634  4863    21005.2318   203    21005.4106    21004.8716   968346    0.00%
Elapsed time = 117.98 sec. (72103.49 ticks, tree = 339.97 MB, solutions = 36)
  11684  4891    21005.3271   157    21005.4106    21004.8716   973271    0.00%
  11783  4993    21005.3866    90    21005.4106    21004.8837   995629    0.00%
  11916  5028        cutoff          21005.4106    21004.8837   998052    0.00%
  12091  5109    21005.1671   152    21005.4106    21004.8915  1015332    0.00%
  12300  5182    21005.3412   170    21005.4106    21004.8915  1024085    0.00%
  12482  5330    21005.2921   132    21005.4106    21004.8915  1060660    0.00%
  12576  5383        cutoff          21005.4106    21004.8915  1065378    0.00%
  12654  5506    21005.2991   110    21005.4106    21004.8915  1093552    0.00%
  12773  5545    21005.3171   160    21005.4106    21004.8915  1101121    0.00%
  12836  5647    21005.1523    82    21005.4106    21004.8915  1111446    0.00%
Elapsed time = 134.07 sec. (81706.62 ticks, tree = 398.77 MB, solutions = 36)
  12963  5706    21005.3195   109    21005.4106    21004.8991  1123615    0.00%
  13114  5780    21005.0590   193    21005.4106    21004.9083  1134811    0.00%
  13270  5835    21005.3926   110    21005.4106    21004.9083  1144931    0.00%
  13433  6022    21005.3298    83    21005.4106    21004.9101  1180562    0.00%
  13557  6102    21005.3928   205    21005.4106    21004.9101  1196755    0.00%
  13662  6289        cutoff          21005.4106    21004.9101  1248940    0.00%
  13730  6304    21005.3397   169    21005.4106    21004.9101  1252215    0.00%
  13836  6336    21005.2823   175    21005.4106    21004.9101  1268555    0.00%
  13972  6379    21005.2782   121    21005.4106    21004.9101  1287106    0.00%
  14092  6379    21005.2291   144    21005.4106    21004.9107  1304935    0.00%
Elapsed time = 150.82 sec. (91303.59 ticks, tree = 461.77 MB, solutions = 36)
  14210  6574    21005.1919   131    21005.4106    21004.9162  1345794    0.00%
  14362  6590    21005.1117    76    21005.4106    21004.9162  1358754    0.00%
  14565  6714    21005.3853   130    21005.4106    21004.9171  1396694    0.00%
  14739  6746    21005.1475    80    21005.4106    21004.9171  1405402    0.00%
  14913  6969    21005.3988    63    21005.4106    21004.9171  1444331    0.00%
  15014  6980    21004.9507   148    21005.4106    21004.9171  1447655    0.00%
  15144  7150    21004.9838   145    21005.4106    21004.9171  1483748    0.00%
  15381  7264    21005.2828   152    21005.4106    21004.9171  1513004    0.00%
  15534  7260    21005.4027   153    21005.4106    21004.9171  1501556    0.00%
  15630  7415    21005.1800   113    21005.4106    21004.9171  1538758    0.00%
Elapsed time = 167.09 sec. (100903.59 ticks, tree = 543.85 MB, solutions = 36)
* 15665+ 7209                        21005.3641    21004.9171             0.00%
  15722  7082    21005.1808   110    21005.3641    21004.9171  1580770    0.00%
  15857  7052    21005.2264   173    21005.3641    21004.9171  1566982    0.00%
  16009  7138    21005.2229    62    21005.3641    21004.9171  1596970    0.00%
  16155  7230    21005.2578   117    21005.3641    21004.9171  1614779    0.00%
  16272  7177    21005.1543   156    21005.3641    21004.9171  1611558    0.00%
  16385  7325    21005.0627    93    21005.3641    21004.9347  1663390    0.00%
  16502  7386    21005.2696    87    21005.3641    21004.9370  1671652    0.00%
  16668  7473    21005.1002   115    21005.3641    21004.9370  1706348    0.00%
  16743  7405    21005.2640   132    21005.3641    21004.9370  1698696    0.00%
  17196  7775    21005.2902   123    21005.3641    21004.9370  1758339    0.00%
Elapsed time = 187.28 sec. (113480.74 ticks, tree = 570.95 MB, solutions = 37)
  17823  8160    21005.3340   116    21005.3641    21004.9370  1842553    0.00%
  18306  8468    21005.1979   113    21005.3641    21004.9448  1916137    0.00%
  18899  8868    21005.1398   157    21005.3641    21004.9496  2070812    0.00%
  19468  9004    21005.0415   129    21005.3641    21004.9528  2119564    0.00%
  19769  9364        cutoff          21005.3641    21004.9528  2207292    0.00%
  20402  9519    21005.2226    92    21005.3641    21004.9579  2243810    0.00%
  20893  9949    21005.1976   122    21005.3641    21004.9579  2346956    0.00%
  21372 10217    21005.3485   125    21005.3641    21004.9628  2409887    0.00%
  21907 10575    21005.3600   152    21005.3641    21004.9639  2506350    0.00%
  22500 10763    21005.1687   120    21005.3641    21004.9684  2586390    0.00%
Elapsed time = 250.80 sec. (151760.48 ticks, tree = 802.56 MB, solutions = 37)
  22773 11034    21005.3320   124    21005.3641    21004.9684  2670908    0.00%
  23263 11284    21005.1561   138    21005.3641    21004.9716  2722294    0.00%
  24040 11856    21005.1718   156    21005.3641    21004.9721  2875021    0.00%
  24566 12014    21005.3527    92    21005.3641    21004.9728  2904903    0.00%
  25087 12467    21005.1199   164    21005.3641    21004.9749  2973490    0.00%
  25749 12754    21005.2083    83    21005.3641    21004.9768  3005792    0.00%
  26083 12946    21005.3611   113    21005.3641    21004.9768  3095712    0.00%
  26503 13295    21005.1198   174    21005.3641    21004.9768  3225864    0.00%
  27075 13533    21005.1686    45    21005.3641    21004.9804  3279436    0.00%
  27722 14036    21005.3111    62    21005.3641    21004.9804  3397986    0.00%
Elapsed time = 319.14 sec. (190008.90 ticks, tree = 1040.06 MB, solutions = 37)
  28204 14408    21005.3229    53    21005.3641    21004.9804  3479868    0.00%
  28588 14720        cutoff          21005.3641    21004.9804  3555664    0.00%
  29342 14793    21005.2750   190    21005.3641    21004.9869  3577977    0.00%
  30399 15255    21005.3069   142    21005.3641    21004.9922  3683234    0.00%
  30955 16192    21005.2914   155    21005.3641    21004.9958  3874676    0.00%
  31318 16388    21005.3133    72    21005.3641    21004.9960  3952166    0.00%
  31812 16523    21005.3133   140    21005.3641    21004.9964  4004043    0.00%
  32235 16723    21005.0121   194    21005.3641    21004.9964  4049886    0.00%
  32806 16353    21005.0756   221    21005.3641    21004.9979  3948138    0.00%
  33543 17454    21005.2810   196    21005.3641    21005.0011  4226168    0.00%
Elapsed time = 385.27 sec. (228277.68 ticks, tree = 1324.39 MB, solutions = 37)
  34154 17473    21005.3535   125    21005.3641    21005.0011  4239946    0.00%
  34586 17814    21005.1530   221    21005.3641    21005.0031  4322041    0.00%
  34851 18282    21005.2373   129    21005.3641    21005.0031  4470269    0.00%
  35199 18517    21005.1733   124    21005.3641    21005.0047  4593448    0.00%
  35878 18811    21005.1629    97    21005.3641    21005.0059  4708374    0.00%
  36435 19113    21005.3218   134    21005.3641    21005.0072  4830740    0.00%
  36898 19365    21005.1748   134    21005.3641    21005.0072  4879290    0.00%
  37309 19770    21005.3088   118    21005.3641    21005.0072  5003784    0.00%
  37916 19705    21005.0932   164    21005.3641    21005.0131  5000325    0.00%
  38421 20174    21005.1601   144    21005.3641    21005.0131  5172546    0.00%
Elapsed time = 451.95 sec. (266495.90 ticks, tree = 1541.67 MB, solutions = 37)
  38832 20220        cutoff          21005.3641    21005.0157  5179766    0.00%
  39207 20666    21005.3242    95    21005.3641    21005.0157  5352191    0.00%
  39577 20834    21005.1767    65    21005.3641    21005.0157  5398071    0.00%
  40158 20971    21005.2544   152    21005.3641    21005.0157  5438713    0.00%
  40874 21325    21005.3557   133    21005.3641    21005.0209  5523331    0.00%
  41402 21535    21005.2502   173    21005.3641    21005.0209  5606983    0.00%
  41904 21942    21005.0930   179    21005.3641    21005.0234  5748474    0.00%
  42198 22310    21005.2413   154    21005.3641    21005.0234  5899648    0.00%
  42347 22329        cutoff          21005.3641    21005.0234  5909973    0.00%
  42502 22539        cutoff          21005.3641    21005.0256  6053126    0.00%
Elapsed time = 519.52 sec. (304865.97 ticks, tree = 1759.38 MB, solutions = 37)
  42736 22596    21005.1041   126    21005.3641    21005.0270  6081174    0.00%
  43112 22839    21005.1126    54    21005.3641    21005.0278  6180375    0.00%
  43598 22831    21005.2373   176    21005.3641    21005.0278  6184532    0.00%
  44101 23115    21005.1874   129    21005.3641    21005.0278  6276426    0.00%
  44580 23244    21005.1175   146    21005.3641    21005.0278  6308247    0.00%
  45025 23509    21005.1109   148    21005.3641    21005.0278  6424554    0.00%
  45111 23683    21005.1408   156    21005.3641    21005.0278  6456163    0.00%
  45113 23436    21005.3464   177    21005.3641    21005.0278  6414082    0.00%
  45114 24151    21004.7479   237    21005.3641    21005.0328  6651725    0.00%
  45118 24154    21004.9182   177    21005.3641    21005.0328  6660203    0.00%
Elapsed time = 597.61 sec. (357299.57 ticks, tree = 1939.19 MB, solutions = 37)
  45139   369    21004.9190   180    21005.3641    21005.0328  6665979    0.00%
  45280    60    21005.2961   202    21005.3641    21005.0328  6758353    0.00%
  45553   235    21005.0260   204    21005.3641    21005.0328  6799865    0.00%
  46328   706    21005.1605   152    21005.3641    21005.0328  6852089    0.00%
  47318  1133        cutoff          21005.3641    21005.0328  6898486    0.00%
  48368  1891    21005.2922   122    21005.3641    21005.0328  6976321    0.00%
  49171  2586    21005.3298   152    21005.3641    21005.0328  7027583    0.00%
  50058  3308    21005.3280    76    21005.3641    21005.0328  7090527    0.00%
  51548  4503    21005.0562   167    21005.3641    21005.0328  7229675    0.00%
  52540  5125    21005.1882   174    21005.3641    21005.0328  7295348    0.00%
Elapsed time = 659.35 sec. (395644.12 ticks, tree = 330.34 MB, solutions = 37)
  53404  5932    21005.2303   103    21005.3641    21005.0328  7373821    0.00%
  54558  6689    21005.0040   193    21005.3641    21005.0328  7489718    0.00%
  55374  7401    21005.2253   164    21005.3641    21005.0328  7585225    0.00%
  56310  8092    21005.1938   210    21005.3641    21005.0328  7676482    0.00%
  57378  8742    21005.1146   145    21005.3641    21005.0328  7774521    0.00%
  58176  9469    21005.1941   133    21005.3641    21005.0328  7908077    0.00%
  59017  9959    21005.0993   150    21005.3641    21005.0328  7994955    0.00%
  59835 10387    21005.1884   200    21005.3641    21005.0328  8057450    0.00%
  61080 11153    21005.0397   235    21005.3641    21005.0328  8124931    0.00%
  62398 12065    21005.2354   186    21005.3641    21005.0328  8224885    0.00%
Elapsed time = 722.71 sec. (433838.79 ticks, tree = 824.59 MB, solutions = 37)
  63442 12824    21005.1251   132    21005.3641    21005.0328  8308608    0.00%
  64547 13647    21005.3336   141    21005.3641    21005.0328  8426564    0.00%
  65464 14347    21005.3180    93    21005.3641    21005.0328  8499442    0.00%
  66350 14876    21005.2377   112    21005.3641    21005.0328  8551984    0.00%
  67753 15776    21005.2610   186    21005.3641    21005.0328  8655372    0.00%
  69137 16689    21005.2722   140    21005.3641    21005.0328  8777085    0.00%
  70253 17597    21005.0464   176    21005.3641    21005.0328  8886943    0.00%
  70843 18048    21005.2291   124    21005.3641    21005.0331  8953073    0.00%
  71404 18492    21005.3639    68    21005.3641    21005.0360  9038960    0.00%
  72270 18984    21005.3358    94    21005.3641    21005.0366  9125547    0.00%
Elapsed time = 782.82 sec. (472017.71 ticks, tree = 1297.28 MB, solutions = 37)
  73632 19422    21005.2501   111    21005.3641    21005.0405  9215931    0.00%
  74455 20264    21005.1658   244    21005.3641    21005.0415  9366056    0.00%
  74969 20623        cutoff          21005.3641    21005.0436  9450365    0.00%
  75373 20960    21005.1819    88    21005.3641    21005.0436  9581048    0.00%
  75885 21317    21005.2741   170    21005.3641    21005.0450  9664899    0.00%
  76680 21574    21005.1640   130    21005.3641    21005.0450  9708781    0.00%
  77368 21893    21005.3491   201    21005.3641    21005.0458  9780541    0.00%
  78095 22632    21005.2694   112    21005.3641    21005.0472  9924361    0.00%
  78868 23215    21005.2131   158    21005.3641    21005.0498 10034826    0.00%
  79172 23342    21005.3053   196    21005.3641    21005.0505 10120607    0.00%
Elapsed time = 843.24 sec. (510387.16 ticks, tree = 1606.58 MB, solutions = 37)
  79403 23575    21005.1268   170    21005.3641    21005.0520 10257875    0.00%
  80102 23661    21005.2784    87    21005.3641    21005.0520 10319326    0.00%
  80858 24361    21005.3125   182    21005.3641    21005.0534 10504116    0.00%
  81468 24494    21005.2983   232    21005.3641    21005.0534 10552416    0.00%
  81829 24871    21005.2192   150    21005.3641    21005.0535 10633464    0.00%
  82204 25171    21005.2941   198    21005.3641    21005.0555 10729999    0.00%
  82650 25342    21005.3496   220    21005.3641    21005.0561 10841805    0.00%
  83150 25703    21005.2705    58    21005.3641    21005.0562 11001994    0.00%
  83675 25856    21005.2136   154    21005.3641    21005.0574 11078586    0.00%
  84042 26271    21005.2150   148    21005.3641    21005.0574 11239779    0.00%
Elapsed time = 903.57 sec. (548750.04 ticks, tree = 1779.26 MB, solutions = 37)
  84769 26395    21005.3179   116    21005.3641    21005.0588 11249815    0.00%
  85353 26746    21005.3628   104    21005.3641    21005.0597 11363049    0.00%
  86045 27303    21005.1434    98    21005.3641    21005.0597 11523503    0.00%
  86625 27601    21005.2849   192    21005.3641    21005.0616 11626208    0.00%
  87010 27649    21005.1371   250    21005.3641    21005.0616 11638762    0.00%
  87542 28070    21005.2196    83    21005.3641    21005.0616 11776812    0.00%
  88407 28662    21005.0932   138    21005.3641    21005.0616 11907866    0.00%
  89199 28963    21005.1742   193    21005.3641    21005.0647 11989837    0.00%
  90042 29193    21005.1458   199    21005.3641    21005.0653 12061205    0.00%
  90295 29771    21005.3293    75    21005.3641    21005.0653 12218077    0.00%
Elapsed time = 963.27 sec. (587004.22 ticks, tree = 2046.73 MB, solutions = 37)
  90538 29962        cutoff          21005.3641    21005.0659 12265551    0.00%
  90990 30178    21005.2384   194    21005.3641    21005.0660 12324841    0.00%
  91649 30435        cutoff          21005.3641    21005.0665 12402854    0.00%
  92254 30462    21005.3426    55    21005.3641    21005.0669 12416963    0.00%
  92931 30955    21005.3007   165    21005.3641    21005.0681 12519606    0.00%
  93598 31896    21005.2717   177    21005.3641    21005.0681 12760989    0.00%
  94021 31948    21005.1942   194    21005.3641    21005.0682 12780760    0.00%
  94528 32126    21005.2868   189    21005.3641    21005.0687 12838105    0.00%
  95090 32612        cutoff          21005.3641    21005.0712 13019583    0.00%
  95552 32870    21005.2600   120    21005.3641    21005.0713 13138915    0.00%
Elapsed time = 1023.47 sec. (625294.53 ticks, tree = 2257.92 MB, solutions = 37)
Nodefile size = 210.35 MB (177.52 MB after compression)
  96090 33297    21005.2626   166    21005.3641    21005.0716 13245437    0.00%
  96818 33348    21005.1563   215    21005.3641    21005.0736 13259601    0.00%
  97742 33800    21005.2051   180    21005.3641    21005.0737 13435570    0.00%
  98471 33881    21005.3226   120    21005.3641    21005.0743 13447789    0.00%
  98973 34745    21005.2850   171    21005.3641    21005.0747 13686213    0.00%
  99525 35148    21005.1988   150    21005.3641    21005.0753 13771732    0.00%
  99923 35582    21005.2210   204    21005.3641    21005.0760 13882992    0.00%
 100582 35533    21005.3182    83    21005.3641    21005.0761 13866727    0.00%
 101446 36165    21005.2608   167    21005.3641    21005.0778 14099896    0.00%
 101951 36017    21005.3436   269    21005.3641    21005.0780 14090579    0.00%
Elapsed time = 1084.01 sec. (663540.75 ticks, tree = 2528.84 MB, solutions = 37)
Nodefile size = 481.01 MB (406.81 MB after compression)
 102492 36966    21005.1253   138    21005.3641    21005.0787 14336366    0.00%
 103188 36952    21005.3129   127    21005.3641    21005.0792 14321985    0.00%
 103649 37293        cutoff          21005.3641    21005.0792 14402394    0.00%
 104257 37693    21005.3392   118    21005.3641    21005.0792 14471655    0.00%
 104859 38194    21005.2476    79    21005.3641    21005.0806 14648750    0.00%
 105409 38323        cutoff          21005.3641    21005.0814 14671301    0.00%
 106268 38897    21005.1924    70    21005.3641    21005.0816 14872459    0.00%
 107072 39217        cutoff          21005.3641    21005.0822 14934587    0.00%
 107693 39521        cutoff          21005.3641    21005.0822 15061882    0.00%
 108117 40078    21005.1241   125    21005.3641    21005.0822 15172982    0.00%
Elapsed time = 1146.46 sec. (701856.40 ticks, tree = 2796.97 MB, solutions = 37)
Nodefile size = 749.55 MB (634.37 MB after compression)
 108520 40276    21005.2831   141    21005.3641    21005.0822 15243441    0.00%
 108966 40305    21005.3056   213    21005.3641    21005.0840 15255668    0.00%
 109323 40539    21005.1450   256    21005.3641    21005.0840 15347746    0.00%
 109844 40711    21005.3241    69    21005.3641    21005.0848 15418918    0.00%
 110307 41069        cutoff          21005.3641    21005.0848 15586546    0.00%
 110747 41004    21005.2678   218    21005.3641    21005.0855 15561632    0.00%
 111230 41505    21005.1776   167    21005.3641    21005.0859 15728826    0.00%
 111868 42105        cutoff          21005.3641    21005.0875 15995080    0.00%
 112712 41969    21005.2606   121    21005.3641    21005.0889 15940440    0.00%
 113270 42328    21005.2431   150    21005.3641    21005.0892 16095031    0.00%
Elapsed time = 1207.65 sec. (740147.68 ticks, tree = 2998.69 MB, solutions = 37)
Nodefile size = 950.79 MB (805.32 MB after compression)
 113583 42984    21005.1964   187    21005.3641    21005.0895 16327748    0.00%
 113910 43185        cutoff          21005.3641    21005.0895 16450799    0.00%
 114567 43656    21005.2832   123    21005.3641    21005.0913 16582420    0.00%
 115263 43415    21005.1266   184    21005.3641    21005.0914 16545807    0.00%
 115805 44078    21005.3075   179    21005.3641    21005.0914 16756376    0.00%
 116322 44122    21005.1173   137    21005.3641    21005.0923 16770339    0.00%
 116588 44717        cutoff          21005.3641    21005.0923 16956951    0.00%
 116899 44754        cutoff          21005.3641    21005.0928 16984087    0.00%
 117231 45162    21005.1109   141    21005.3641    21005.0933 17209839    0.00%
 117774 45232        cutoff          21005.3641    21005.0934 17226878    0.00%
Elapsed time = 1269.33 sec. (778362.85 ticks, tree = 3196.11 MB, solutions = 37)
Nodefile size = 1148.47 MB (973.14 MB after compression)
 118222 45709    21005.3432   127    21005.3641    21005.0934 17403558    0.00%
 118753 45818    21005.2052   157    21005.3641    21005.0938 17415662    0.00%
 119306 45699    21005.2088   114    21005.3641    21005.0945 17455426    0.00%
 119909 46074    21005.1162   126    21005.3641    21005.0951 17599688    0.00%
 120292 46261    21005.3426   213    21005.3641    21005.0955 17730744    0.00%
 120606 46812    21005.3428   102    21005.3641    21005.0955 17833907    0.00%
 121053 47080    21005.1830   259    21005.3641    21005.0955 17996331    0.00%
 121513 47161    21005.2366   146    21005.3641    21005.0965 18012435    0.00%
 121991 47147    21005.3057    97    21005.3641    21005.0973 18032672    0.00%
 122314 47569    21005.3130    70    21005.3641    21005.0973 18161869    0.00%
Elapsed time = 1329.60 sec. (816624.94 ticks, tree = 3375.56 MB, solutions = 37)
Nodefile size = 1328.21 MB (1125.65 MB after compression)
 122845 48206    21005.1356   170    21005.3641    21005.0973 18392899    0.00%
 123247 48318    21005.2250   233    21005.3641    21005.0986 18495230    0.00%
 123694 48363    21005.3237   186    21005.3641    21005.0987 18531256    0.00%
 124071 47969    21005.1677   170    21005.3641    21005.0987 18337384    0.00%
 124668 48975    21005.2490   160    21005.3641    21005.0995 18724811    0.00%
 125170 49410    21005.3545   142    21005.3641    21005.0995 18926829    0.00%
 125554 49235    21005.2165   193    21005.3641    21005.0995 18884095    0.00%
 126003 49548    21005.2046   126    21005.3641    21005.0998 19001831    0.00%
 126376 49682    21005.3206   253    21005.3641    21005.0998 19068677    0.00%
 126680 49871    21005.3150   124    21005.3641    21005.0998 19124691    0.00%
Elapsed time = 1389.96 sec. (854943.51 ticks, tree = 3550.06 MB, solutions = 37)
Nodefile size = 1502.40 MB (1273.65 MB after compression)
 127157 50132    21005.2413   125    21005.3641    21005.0998 19324430    0.00%
 127634 50318    21005.2276   137    21005.3641    21005.0998 19369111    0.00%
 128245 50704    21005.2819    66    21005.3641    21005.1023 19552085    0.00%
 128689 50573    21005.3620   179    21005.3641    21005.1023 19521997    0.00%
 129185 51320    21005.2767   163    21005.3641    21005.1042 19837700    0.00%
 129654 51351    21005.1524   150    21005.3641    21005.1042 19849583    0.00%
 130015 51685    21005.3262    66    21005.3641    21005.1042 20063268    0.00%
 130499 51852    21005.3330   135    21005.3641    21005.1048 20151119    0.00%
 130991 51107    21005.2242   225    21005.3641    21005.1048 19757949    0.00%
 131505 52335    21005.2172   160    21005.3641    21005.1059 20433066    0.00%
Elapsed time = 1450.78 sec. (893221.41 ticks, tree = 3723.39 MB, solutions = 37)
Nodefile size = 1675.81 MB (1420.55 MB after compression)
 131837 52290    21005.2889   181    21005.3641    21005.1065 20368551    0.00%
 132231 52547    21005.3304   210    21005.3641    21005.1066 20509315    0.00%
 132782 53005    21005.1771   132    21005.3641    21005.1066 20681209    0.00%
 133370 53130    21005.1803   105    21005.3641    21005.1067 20668689    0.00%
 134018 53068    21005.3523   212    21005.3641    21005.1067 20708519    0.00%
 134714 54056    21005.2071   108    21005.3641    21005.1092 21045733    0.00%
 135299 54146    21005.1301    42    21005.3641    21005.1092 21056504    0.00%
 135853 54616    21005.3331   150    21005.3641    21005.1096 21212627    0.00%
 136279 54449        cutoff          21005.3641    21005.1096 21174328    0.00%
 136601 55170    21005.1301    42    21005.3641    21005.1096 21365154    0.00%
Elapsed time = 1511.26 sec. (931475.16 ticks, tree = 3953.31 MB, solutions = 37)
Nodefile size = 1906.09 MB (1616.58 MB after compression)
 137144 55294    21005.3318   106    21005.3641    21005.1101 21403409    0.00%
 137680 55922    21005.1129    44    21005.3641    21005.1110 21581301    0.00%
 138349 56034    21005.3135    27    21005.3641    21005.1110 21597881    0.00%
 139059 56179    21005.1314    42    21005.3641    21005.1110 21680377    0.00%
 139812 56500    21005.2070   168    21005.3641    21005.1116 21774029    0.00%
 140542 57325    21005.2166    23    21005.3641    21005.1118 21872756    0.00%
 141323 57795    21005.2944   102    21005.3641    21005.1125 22021429    0.00%
 142062 58770        cutoff          21005.3641    21005.1129 22259886    0.00%
 142851 59538    21005.2804   101    21005.3641    21005.1129 22410828    0.00%
 143590 59766    21005.2431    98    21005.3641    21005.1131 22432828    0.00%
Elapsed time = 1573.67 sec. (969651.57 ticks, tree = 4315.38 MB, solutions = 37)
Nodefile size = 2267.45 MB (1924.15 MB after compression)
 144191 60635    21005.2714   167    21005.3641    21005.1133 22608182    0.00%
 144869 60509    21005.2790   124    21005.3641    21005.1133 22581368    0.00%
 145391 61498    21005.1134    74    21005.3641    21005.1133 22785864    0.00%
 145869 61196        cutoff          21005.3641    21005.1135 22724079    0.00%
 146600 61628    21005.1368    45    21005.3641    21005.1135 22810899    0.00%
 147360 62889    21005.2095   262    21005.3641    21005.1135 23120036    0.00%
 148030 63163    21005.2936    57    21005.3641    21005.1135 23189845    0.00%
 148472 63818    21005.1922   109    21005.3641    21005.1135 23314553    0.00%
 148999 63980    21005.3594   167    21005.3641    21005.1135 23371828    0.00%
 149365 64155    21005.3387    81    21005.3641    21005.1138 23394518    0.00%
Elapsed time = 1635.31 sec. (1007917.26 ticks, tree = 4655.45 MB, solutions = 37)
Nodefile size = 2607.63 MB (2213.15 MB after compression)
 149888 64290    21005.2190    57    21005.3641    21005.1139 23440661    0.00%
 150501 65014        cutoff          21005.3641    21005.1139 23607635    0.00%
 151128 65209    21005.2608   195    21005.3641    21005.1139 23710179    0.00%
 151809 65672    21005.1314    17    21005.3641    21005.1140 23864260    0.00%
 152398 66158        cutoff          21005.3641    21005.1140 24035952    0.00%
 152829 66061    21005.3030   134    21005.3641    21005.1154 23989810    0.00%
 153254 66301    21005.3537   141    21005.3641    21005.1154 24101063    0.00%
 153521 66699    21005.1173    70    21005.3641    21005.1154 24224469    0.00%
 154136 67003    21005.1175   139    21005.3641    21005.1154 24324845    0.00%
 154640 67003    21005.2552   123    21005.3641    21005.1158 24321306    0.00%
Elapsed time = 1696.31 sec. (1046198.76 ticks, tree = 4887.87 MB, solutions = 37)
Nodefile size = 2840.02 MB (2411.94 MB after compression)
 155110 67218    21005.1372    61    21005.3641    21005.1158 24414870    0.00%
 155758 67760        cutoff          21005.3641    21005.1158 24570134    0.00%
 156127 68240    21005.2777    73    21005.3641    21005.1158 24754653    0.00%
 156748 68290    21005.2947   127    21005.3641    21005.1164 24752703    0.00%
 157151 68822    21005.2893   119    21005.3641    21005.1165 24957277    0.00%
 157669 68702    21005.3378   126    21005.3641    21005.1165 24903447    0.00%
 158262 69180    21005.3390    75    21005.3641    21005.1174 25101768    0.00%
 158777 69407    21005.2857   141    21005.3641    21005.1174 25255672    0.00%
 159044 69952    21005.2791   211    21005.3641    21005.1174 25521821    0.00%
 159304 69893    21005.2571    66    21005.3641    21005.1177 25472977    0.00%
Elapsed time = 1758.20 sec. (1084472.56 ticks, tree = 5100.28 MB, solutions = 37)
Nodefile size = 3052.96 MB (2593.82 MB after compression)
 159688 70110    21005.2322   114    21005.3641    21005.1178 25596684    0.00%
 160048 70458    21005.2166    27    21005.3641    21005.1183 25765538    0.00%
 160728 70506    21005.1584   196    21005.3641    21005.1184 25804315    0.00%
 161212 70826    21005.1940   200    21005.3641    21005.1184 25918442    0.00%
 161618 71148    21005.2633   151    21005.3641    21005.1185 26018389    0.00%
 162106 71367    21005.2238   115    21005.3641    21005.1190 26136645    0.00%
 162444 71326    21005.3512    92    21005.3641    21005.1190 26122644    0.00%
 162738 71800        cutoff          21005.3641    21005.1192 26323332    0.00%
 163016 71819    21005.2830   172    21005.3641    21005.1192 26296279    0.00%
 163312 72045    21005.2594    88    21005.3641    21005.1195 26485639    0.00%
Elapsed time = 1818.55 sec. (1122808.31 ticks, tree = 5271.88 MB, solutions = 37)
Nodefile size = 3224.57 MB (2740.56 MB after compression)
 163664 72050    21005.3450   115    21005.3641    21005.1195 26493094    0.00%
 164071 72390    21005.2764    59    21005.3641    21005.1196 26631327    0.00%
 164503 72700    21005.3138   146    21005.3641    21005.1196 26886000    0.00%
 164886 72869    21005.1540    70    21005.3641    21005.1203 26983043    0.00%
 165164 72890    21005.2249   230    21005.3641    21005.1203 26997670    0.00%
 165595 72932    21005.1550    54    21005.3641    21005.1203 27012495    0.00%
 166064 73533    21005.3429    56    21005.3641    21005.1215 27351194    0.00%
 166354 73709        cutoff          21005.3641    21005.1218 27455289    0.00%
 166655 73852    21005.2878   161    21005.3641    21005.1218 27523025    0.00%
 167091 73975    21005.3605   110    21005.3641    21005.1218 27626255    0.00%
Elapsed time = 1882.06 sec. (1161051.44 ticks, tree = 5410.43 MB, solutions = 37)
Nodefile size = 3363.06 MB (2858.64 MB after compression)
 167388 74096    21005.3294   148    21005.3641    21005.1226 27660540    0.00%
 167787 74441    21005.3103   249    21005.3641    21005.1226 27896548    0.00%
 168064 74475    21005.2840   159    21005.3641    21005.1226 27936413    0.00%
 168420 74655    21005.3005   135    21005.3641    21005.1227 28047169    0.00%
 168800 74848    21005.3414    91    21005.3641    21005.1232 28099631    0.00%
 169177 75196    21005.3133    34    21005.3641    21005.1232 28181037    0.00%
 169557 75038    21005.3100   211    21005.3641    21005.1232 28158889    0.00%
 170144 75305    21005.2647    81    21005.3641    21005.1237 28300176    0.00%
 170594 75375    21005.2208   134    21005.3641    21005.1243 28384059    0.00%
 171116 75517        cutoff          21005.3641    21005.1245 28451568    0.00%
Elapsed time = 1941.94 sec. (1199318.06 ticks, tree = 5571.95 MB, solutions = 37)
Nodefile size = 3524.70 MB (2997.25 MB after compression)
 171508 75925    21005.3480   110    21005.3641    21005.1245 28646012    0.00%
 171694 76437    21005.2357   246    21005.3641    21005.1250 28914289    0.00%
 171939 76334    21005.2008    90    21005.3641    21005.1252 28854571    0.00%
 172248 76546    21005.2318   196    21005.3641    21005.1254 28997936    0.00%
 172738 76729    21005.2976   100    21005.3641    21005.1257 29094616    0.00%
 173218 76781    21005.2892   165    21005.3641    21005.1257 29182160    0.00%
 173716 77295    21005.3423   106    21005.3641    21005.1261 29530667    0.00%
 173815 77342        cutoff          21005.3641    21005.1261 29560069    0.00%
 174041 77527    21005.2828    43    21005.3641    21005.1261 29625661    0.00%
 174365 77518        cutoff          21005.3641    21005.1262 29634910    0.00%
Elapsed time = 2002.01 sec. (1237703.60 ticks, tree = 5698.43 MB, solutions = 37)
Nodefile size = 3651.16 MB (3105.21 MB after compression)
 174916 77524    21005.1312    85    21005.3641    21005.1268 29647366    0.00%
 175689 78238    21005.1301    43    21005.3641    21005.1269 29761450    0.00%
 176431 78302    21005.2959    83    21005.3641    21005.1269 29806163    0.00%
 177493 78595    21005.2073    75    21005.3641    21005.1269 29882801    0.00%
 178603 79755    21005.3444   132    21005.3641    21005.1282 30119100    0.00%
 179666 79909    21005.3253    25    21005.3641    21005.1284 30132166    0.00%
 180817 80028    21005.1796    53    21005.3641    21005.1284 30173013    0.00%
 181961 82384    21005.2760    43    21005.3641    21005.1288 30515812    0.00%
 183333 81567    21005.1424    79    21005.3641    21005.1290 30426526    0.00%
 185048 83685    21005.2422   101    21005.3641    21005.1292 30674910    0.00%
Elapsed time = 2068.83 sec. (1275948.65 ticks, tree = 6247.79 MB, solutions = 37)
Nodefile size = 4200.35 MB (3573.14 MB after compression)
 186842 84005    21005.1314    31    21005.3641    21005.1292 30686387    0.00%
 188259 87064        cutoff          21005.3641    21005.1292 30910843    0.00%
 189626 87591    21005.1314    29    21005.3641    21005.1301 30954893    0.00%
 190945 88394    21005.1314    24    21005.3641    21005.1301 31030111    0.00%
 192387 89290    21005.1314    24    21005.3641    21005.1301 31098487    0.00%
 194030 89495    21005.1595    49    21005.3641    21005.1301 31111791    0.00%
 195515 91983    21005.1311    90    21005.3641    21005.1301 31354518    0.00%
 197020 92963    21005.1314    38    21005.3641    21005.1301 31419871    0.00%
 198864 94486    21005.1533    47    21005.3641    21005.1301 31531164    0.00%
 200604 94399    21005.1301    60    21005.3641    21005.1301 31549458    0.00%
Elapsed time = 2140.30 sec. (1314124.48 ticks, tree = 7225.99 MB, solutions = 37)
Nodefile size = 5178.88 MB (4410.99 MB after compression)
 201605 97103    21005.1595    62    21005.3641    21005.1301 31755428    0.00%
 203316 98535    21005.1929    41    21005.3641    21005.1301 31889222    0.00%
 205101 100682    21005.3386    88    21005.3641    21005.1301 32070775    0.00%
 206561 102029    21005.1314    26    21005.3641    21005.1301 32160262    0.00%
 207761 101055    21005.1929    56    21005.3641    21005.1301 32097959    0.00%
 208849 104437        cutoff          21005.3641    21005.1301 32433069    0.00%
 209866 103231    21005.2755    51    21005.3641    21005.1301 32278380    0.00%
 210840 104884    21005.1895    48    21005.3641    21005.1301 32479880    0.00%
 212388 105954    21005.1418    33    21005.3641    21005.1301 32598776    0.00%
 214009 107346    21005.1796    53    21005.3641    21005.1301 32764944    0.00%
Elapsed time = 2210.02 sec. (1352291.78 ticks, tree = 8046.65 MB, solutions = 37)
Nodefile size = 5999.00 MB (5118.04 MB after compression)
 215647 108995    21005.1929    45    21005.3641    21005.1301 32875732    0.00%
 216520 107565    21005.1521    51    21005.3641    21005.1301 32791206    0.00%
 217308 110466        cutoff          21005.3641    21005.1301 33055968    0.00%
 218227 110628    21005.1829    73    21005.3641    21005.1301 33082227    0.00%
 218984 111654    21005.1611   105    21005.3641    21005.1301 33201907    0.00%
 219889 113094    21005.2445    51    21005.3641    21005.1301 33385853    0.00%
 220677 113056    21005.1314    40    21005.3641    21005.1301 33370857    0.00%
 221873 113562    21005.1314    34    21005.3641    21005.1301 33449000    0.00%
 223129 113614    21005.2517    25    21005.3641    21005.1301 33464948    0.00%
 224291 115149    21005.1358   101    21005.3641    21005.1302 33655954    0.00%
Elapsed time = 2277.85 sec. (1390463.63 ticks, tree = 8797.78 MB, solutions = 37)
Nodefile size = 6750.10 MB (5763.40 MB after compression)
 225351 115556    21005.1314    30    21005.3641    21005.1304 33685682    0.00%
 226454 118457    21005.2962   126    21005.3641    21005.1304 34069636    0.00%
 227376 117775    21005.1362    72    21005.3641    21005.1305 33990018    0.00%
 227947 118465    21005.3445    41    21005.3641    21005.1305 34071385    0.00%
 228781 120227    21005.2334    43    21005.3641    21005.1305 34365810    0.00%
 229511 120333    21005.1314    57    21005.3641    21005.1305 34386677    0.00%
 230420 121259    21005.2079    47    21005.3641    21005.1305 34521759    0.00%
 231631 121346    21005.1361    81    21005.3641    21005.1305 34534802    0.00%
 232740 121751    21005.2514    54    21005.3641    21005.1305 34592116    0.00%
 233551 122312    21005.1314    48    21005.3641    21005.1305 34719729    0.00%
Elapsed time = 2343.28 sec. (1428729.03 ticks, tree = 9392.46 MB, solutions = 37)
Nodefile size = 7345.12 MB (6268.21 MB after compression)
 233958 122837    21005.1314    66    21005.3641    21005.1305 34806377    0.00%
 234394 124623    21005.2708    70    21005.3641    21005.1305 35095901    0.00%
 235045 124671    21005.2587    78    21005.3641    21005.1305 35110469    0.00%
 235911 125777    21005.1305    64    21005.3641    21005.1305 35346438    0.00%
 236969 126258    21005.1314    35    21005.3641    21005.1305 35426595    0.00%
 238090 126386    21005.1797    51    21005.3641    21005.1305 35436642    0.00%
 238828 127637    21005.1314    37    21005.3641    21005.1305 35629106    0.00%
 239388 128368    21005.1944    80    21005.3641    21005.1305 35763747    0.00%
 240127 129227    21005.1929    52    21005.3641    21005.1305 35917995    0.00%
 240786 129477        cutoff          21005.3641    21005.1305 35964549    0.00%
Elapsed time = 2407.49 sec. (1466977.23 ticks, tree = 9826.74 MB, solutions = 37)
Nodefile size = 7778.83 MB (6633.02 MB after compression)
 241370 129368    21005.2062    79    21005.3641    21005.1305 35944750    0.00%
 242218 129936    21005.1427    31    21005.3641    21005.1305 36049050    0.00%
 243286 129982    21005.1626    71    21005.3641    21005.1305 36039487    0.00%
 244602 130954    21005.2371    64    21005.3641    21005.1305 36256609    0.00%
 245822 131223        cutoff          21005.3641    21005.1305 36287423    0.00%
 247381 132854    21005.1314    27    21005.3641    21005.1306 36474180    0.00%
 248394 134177    21005.1929    49    21005.3641    21005.1308 36626865    0.00%
 249806 135684    21005.1806   134    21005.3641    21005.1309 36814090    0.00%
 250931 135300    21005.1400    37    21005.3641    21005.1311 36767193    0.00%
 252011 135737    21005.2584    71    21005.3641    21005.1312 36817398    0.00%
Elapsed time = 2474.62 sec. (1505187.60 ticks, tree = 10480.24 MB, solutions = 37)
Nodefile size = 8432.25 MB (7197.00 MB after compression)
 252879 137094    21005.2899    85    21005.3641    21005.1312 37002937    0.00%
 253580 137911    21005.2498    90    21005.3641    21005.1313 37101355    0.00%
 254683 139677    21005.1314    22    21005.3641    21005.1313 37267859    0.00%
 256051 139859    21005.1992    66    21005.3641    21005.1313 37281088    0.00%
 257441 140334    21005.2122   119    21005.3641    21005.1314 37360208    0.00%
 258691 142070    21005.2119    69    21005.3641    21005.1314 37578883    0.00%
 260017 143152    21005.1695   105    21005.3641    21005.1314 37746950    0.00%
 261285 142614    21005.2947   106    21005.3641    21005.1314 37664203    0.00%
 262504 144416    21005.1790    85    21005.3641    21005.1314 37901336    0.00%
 263610 145527    21005.2713    88    21005.3641    21005.1314 38034737    0.00%
Elapsed time = 2542.19 sec. (1543359.98 ticks, tree = 11204.36 MB, solutions = 37)
Nodefile size = 9156.63 MB (7823.24 MB after compression)
 264974 145752    21005.1757    93    21005.3641    21005.1314 38065868    0.00%
 266097 147009    21005.1357    96    21005.3641    21005.1314 38219935    0.00%
 267281 147175    21005.2435    77    21005.3641    21005.1314 38233374    0.00%
 268619 149267    21005.2595   100    21005.3641    21005.1314 38498263    0.00%
 270243 151011    21005.1767   133    21005.3641    21005.1314 38680674    0.00%
 271616 150062    21005.2749   121    21005.3641    21005.1314 38587075    0.00%
 272819 152593    21005.1314    39    21005.3641    21005.1314 38879052    0.00%
 273900 152285    21005.2901    83    21005.3641    21005.1314 38840367    0.00%
 274982 152496    21005.2779    90    21005.3641    21005.1314 38864487    0.00%
 275799 155000    21005.3136    96    21005.3641    21005.1314 39166722    0.00%
Elapsed time = 2609.16 sec. (1581560.35 ticks, tree = 11943.86 MB, solutions = 37)
Nodefile size = 9896.75 MB (8461.51 MB after compression)
 277003 156133    21005.3339    48    21005.3641    21005.1314 39281454    0.00%
 278586 155729    21005.1810   127    21005.3641    21005.1314 39250123    0.00%
 279965 156333    21005.1955   138    21005.3641    21005.1314 39308864    0.00%
 281369 158538    21005.3631    32    21005.3641    21005.1314 39550533    0.00%
 283026 158400        cutoff          21005.3641    21005.1314 39542904    0.00%
 284594 160520    21005.3000   110    21005.3641    21005.1314 39788294    0.00%
 285955 162499    21005.2137   169    21005.3641    21005.1314 40010364    0.00%
 287163 162516    21005.1531    77    21005.3641    21005.1314 39992703    0.00%
 288124 163750    21005.2248    55    21005.3641    21005.1314 40132921    0.00%
 289316 164202    21005.1477    63    21005.3641    21005.1314 40177155    0.00%
Elapsed time = 2677.40 sec. (1619737.43 ticks, tree = 12679.98 MB, solutions = 37)
Nodefile size = 10632.26 MB (9099.10 MB after compression)
 290919 164322    21005.2971    50    21005.3641    21005.1314 40186234    0.00%
 292704 166894    infeasible          21005.3641    21005.1314 40424185    0.00%
 294397 166806    21005.2175    70    21005.3641    21005.1314 40421558    0.00%
 295761 167817    21005.1600   123    21005.3641    21005.1314 40500497    0.00%
 297161 168467        cutoff          21005.3641    21005.1314 40571753    0.00%
 298740 169788    21005.2270    73    21005.3641    21005.1314 40739605    0.00%
 300526 171217    21005.1467    47    21005.3641    21005.1314 40875451    0.00%
 302239 173910    21005.1877   133    21005.3641    21005.1314 41101993    0.00%
 303350 174847    21005.2658    93    21005.3641    21005.1314 41189422    0.00%
 304807 175663        cutoff          21005.3641    21005.1314 41276707    0.00%
Elapsed time = 2746.39 sec. (1657892.94 ticks, tree = 13607.02 MB, solutions = 37)
Nodefile size = 11559.66 MB (9906.38 MB after compression)
 306554 175779    21005.2742    93    21005.3641    21005.1314 41291539    0.00%
 308384 176912        cutoff          21005.3641    21005.1314 41394393    0.00%
 310324 179226    21005.2810    53    21005.3641    21005.1314 41616987    0.00%
 311679 178583    21005.1314    28    21005.3641    21005.1314 41560422    0.00%
 313114 180278    21005.1700   116    21005.3641    21005.1314 41717773    0.00%
 314641 183230        cutoff          21005.3641    21005.1314 41982184    0.00%
 316213 182871    21005.1718   127    21005.3641    21005.1314 41951927    0.00%
 317405 183772    21005.1314    16    21005.3641    21005.1314 42035629    0.00%
 318537 186125    21005.2595   136    21005.3641    21005.1314 42257005    0.00%
 319783 185987    21005.1603    76    21005.3641    21005.1314 42239990    0.00%
Elapsed time = 2815.41 sec. (1696063.84 ticks, tree = 14458.09 MB, solutions = 37)
Nodefile size = 12411.12 MB (10647.63 MB after compression)
 321524 186832    21005.1743   126    21005.3641    21005.1314 42328567    0.00%
 323358 187785        cutoff          21005.3641    21005.1314 42405019    0.00%
 325018 190375    21005.2550    90    21005.3641    21005.1314 42678737    0.00%
 326633 191401    21005.2092    71    21005.3641    21005.1314 42784924    0.00%
 327815 192717    21005.2110   118    21005.3641    21005.1314 42922624    0.00%
 328995 193980    21005.1827   105    21005.3641    21005.1314 43062556    0.00%
 330489 193794    21005.3303    84    21005.3641    21005.1314 43046399    0.00%
 332047 194183    21005.1573    58    21005.3641    21005.1314 43080769    0.00%
 333686 194913    21005.1314    21    21005.3641    21005.1314 43131418    0.00%
 335449 196553    21005.1996   119    21005.3641    21005.1314 43295944    0.00%
Elapsed time = 2884.78 sec. (1734241.97 ticks, tree = 15433.45 MB, solutions = 37)
Nodefile size = 13386.15 MB (11497.73 MB after compression)
 337374 199058    21005.1788   147    21005.3641    21005.1314 43513213    0.00%
 338747 199912    21005.1534    71    21005.3641    21005.1314 43596858    0.00%
 339919 200944    21005.1796    52    21005.3641    21005.1314 43709034    0.00%
 341453 202455    21005.2095   109    21005.3641    21005.1314 43864667    0.00%
 342874 201872    21005.1539    95    21005.3641    21005.1314 43786235    0.00%
 344431 205003    21005.1843   132    21005.3641    21005.1314 44104701    0.00%
 345783 204103    21005.2505    72    21005.3641    21005.1314 44024877    0.00%
 347637 205322    21005.1314    38    21005.3641    21005.1314 44128903    0.00%
 349314 207180    21005.2777    89    21005.3641    21005.1314 44313648    0.00%
 350605 209319    21005.1756   175    21005.3641    21005.1314 44505227    0.00%
Elapsed time = 2955.62 sec. (1772405.27 ticks, tree = 16304.41 MB, solutions = 37)
Nodefile size = 14257.30 MB (12258.05 MB after compression)
 352264 209492    21005.1668   174    21005.3641    21005.1314 44523609    0.00%
 353291 210294    21005.2886    84    21005.3641    21005.1314 44600419    0.00%
 354614 213061    21005.1746    72    21005.3641    21005.1314 44880766    0.00%
 356144 213389    21005.2451    92    21005.3641    21005.1314 44915499    0.00%
 357867 213512        cutoff          21005.3641    21005.1314 44928332    0.00%
 359486 214445        cutoff          21005.3641    21005.1314 45014351    0.00%
 360850 214552    21005.3455    54    21005.3641    21005.1314 45028578    0.00%
 362451 218088    21005.1762   136    21005.3641    21005.1314 45364664    0.00%
 364378 218011    21005.1638    73    21005.3641    21005.1314 45358507    0.00%
 366121 218156    21005.1898   145    21005.3641    21005.1314 45372097    0.00%
Elapsed time = 3026.13 sec. (1810579.00 ticks, tree = 17206.89 MB, solutions = 37)
Nodefile size = 15158.91 MB (13045.51 MB after compression)
 367097 220757    21005.1931   143    21005.3641    21005.1314 45623092    0.00%
 368213 220925    21005.1530    52    21005.3641    21005.1314 45635376    0.00%
 369744 222591    21005.2230   116    21005.3641    21005.1314 45782243    0.00%
 371709 224219    21005.2716    93    21005.3641    21005.1314 45922967    0.00%
 373544 226276    21005.2806    63    21005.3641    21005.1314 46104888    0.00%
 375195 227306    21005.2915    51    21005.3641    21005.1314 46196315    0.00%
 377018 226940    21005.1680    66    21005.3641    21005.1314 46157308    0.00%
 378341 228529    21005.1314    11    21005.3641    21005.1314 46304662    0.00%
 379695 230154    21005.1864   163    21005.3641    21005.1314 46431783    0.00%
 381494 230322    21005.2517   113    21005.3641    21005.1314 46437055    0.00%
Elapsed time = 3096.75 sec. (1848754.23 ticks, tree = 18160.36 MB, solutions = 37)
Nodefile size = 16112.78 MB (13877.92 MB after compression)
 383248 233224    21005.1713   165    21005.3641    21005.1314 46703495    0.00%
 385165 233947    21005.2343    99    21005.3641    21005.1314 46768162    0.00%
 386453 234345    21005.1659   158    21005.3641    21005.1314 46801936    0.00%
 387794 234729    21005.1960   136    21005.3641    21005.1314 46846042    0.00%
 388854 237717    21005.2282   135    21005.3641    21005.1314 47114608    0.00%
 389994 237826    21005.2991    67    21005.3641    21005.1314 47124565    0.00%
 391368 238402    21005.2689    99    21005.3641    21005.1314 47176974    0.00%
 393344 240311    21005.2521   172    21005.3641    21005.1314 47351320    0.00%
 395413 241329    21005.3042   101    21005.3641    21005.1314 47440140    0.00%
 397074 242261    21005.2878    36    21005.3641    21005.1314 47532909    0.00%
Elapsed time = 3167.12 sec. (1886922.60 ticks, tree = 19111.50 MB, solutions = 37)
Nodefile size = 17063.56 MB (14708.83 MB after compression)
 398650 244227    21005.2873    83    21005.3641    21005.1314 47722672    0.00%
 399912 244401    21005.1538   109    21005.3641    21005.1314 47735720    0.00%
 401221 246655        cutoff          21005.3641    21005.1314 47942149    0.00%
 402446 246790        cutoff          21005.3641    21005.1314 47957217    0.00%
 403818 247872    21005.1824   114    21005.3641    21005.1314 48053996    0.00%
 405409 248358    21005.1691   113    21005.3641    21005.1314 48099236    0.00%
 406984 250236    21005.2787    96    21005.3641    21005.1314 48262860    0.00%
 408757 250626    21005.2418    36    21005.3641    21005.1314 48306210    0.00%
 410605 251987        cutoff          21005.3641    21005.1314 48429571    0.00%
 412739 254238    21005.2668   108    21005.3641    21005.1314 48646725    0.00%
Elapsed time = 3238.10 sec. (1925116.50 ticks, tree = 20010.75 MB, solutions = 37)
Nodefile size = 17963.55 MB (15494.21 MB after compression)
 414737 254977    21005.3617    31    21005.3641    21005.1314 48714186    0.00%
 416106 257182    21005.2889    86    21005.3641    21005.1314 48901690    0.00%
 417157 258227    21005.1782    73    21005.3641    21005.1314 48988765    0.00%
 418459 260017    21005.3239    64    21005.3641    21005.1314 49143060    0.00%
 419403 259541    21005.1906    89    21005.3641    21005.1314 49117663    0.00%
 420583 260530    21005.3628    91    21005.3641    21005.1314 49197956    0.00%
 421748 260522    21005.2576    92    21005.3641    21005.1314 49210951    0.00%
 422851 262524    21005.2750   108    21005.3641    21005.1314 49435191    0.00%
 423887 263591    21005.1836   137    21005.3641    21005.1314 49563751    0.00%
 424867 263759    21005.2471   102    21005.3641    21005.1314 49579392    0.00%
Elapsed time = 3306.01 sec. (1963292.14 ticks, tree = 20777.75 MB, solutions = 37)
Nodefile size = 18730.45 MB (16163.17 MB after compression)
 425972 264029    21005.2476   119    21005.3641    21005.1314 49614576    0.00%
 427020 265829    21005.1775    69    21005.3641    21005.1314 49819144    0.00%
 427892 265814    21005.2136   148    21005.3641    21005.1314 49813663    0.00%
 428823 266738    21005.2907    71    21005.3641    21005.1314 49944940    0.00%
 429273 266816    21005.2038   174    21005.3641    21005.1314 49952675    0.00%
 429856 267939    21005.3222    91    21005.3641    21005.1314 50063314    0.00%
 430779 267675    21005.2759    89    21005.3641    21005.1314 50042026    0.00%
 431657 267918    21005.1561    46    21005.3641    21005.1314 50053059    0.00%
 432512 269531    21005.3248    70    21005.3641    21005.1314 50246091    0.00%
 432941 270267    21005.2674    56    21005.3641    21005.1314 50307170    0.00%
Elapsed time = 3371.51 sec. (2001805.62 ticks, tree = 21264.39 MB, solutions = 37)
Nodefile size = 19216.68 MB (16585.56 MB after compression)
 433568 270831    21005.2854    93    21005.3641    21005.1314 50367476    0.00%
 434187 270916    21005.1817    53    21005.3641    21005.1314 50374741    0.00%
 434714 270969    21005.1591    60    21005.3641    21005.1314 50381066    0.00%
 435445 271839    21005.2000   155    21005.3641    21005.1314 50494565    0.00%
 436114 272320    21005.1493    95    21005.3641    21005.1314 50554255    0.00%
 436414 272573    21005.1969   119    21005.3641    21005.1314 50592028    0.00%
 436685 272740    21005.1664    59    21005.3641    21005.1314 50609156    0.00%
 437269 273528    21005.3180    93    21005.3641    21005.1314 50686294    0.00%
 438186 273631    21005.3165    99    21005.3641    21005.1314 50698062    0.00%
 438716 273497    21005.1628   124    21005.3641    21005.1314 50679037    0.00%
Elapsed time = 3436.58 sec. (2042191.83 ticks, tree = 21579.49 MB, solutions = 37)
Nodefile size = 19531.61 MB (16858.86 MB after compression)
 439250 274616    21005.2078   127    21005.3641    21005.1314 50800468    0.00%
 439796 274805    21005.1722   162    21005.3641    21005.1314 50820397    0.00%
 440482 274901    21005.3563   119    21005.3641    21005.1314 50832146    0.00%
 440944 276340    21005.3179    86    21005.3641    21005.1314 50988058    0.00%
 441661 276215    21005.2074   127    21005.3641    21005.1314 50976441    0.00%
 442060 276563    21005.1813   112    21005.3641    21005.1314 51016260    0.00%
 442487 276816    21005.2901    67    21005.3641    21005.1314 51044913    0.00%
 443010 276682    21005.2519   132    21005.3641    21005.1314 51042741    0.00%
 443433 277388    21005.2822   143    21005.3641    21005.1314 51150665    0.00%
 443927 278154    21005.1333    40    21005.3641    21005.1314 51225319    0.00%
Elapsed time = 3498.41 sec. (2080508.46 ticks, tree = 21904.81 MB, solutions = 37)
Nodefile size = 19857.04 MB (17140.78 MB after compression)
 444456 278460    21005.1399    70    21005.3641    21005.1314 51253915    0.00%
 445050 278465    21005.2625    85    21005.3641    21005.1314 51252511    0.00%
 445324 278575    21005.3417   100    21005.3641    21005.1314 51271815    0.00%
 445679 278859    21005.2188   109    21005.3641    21005.1314 51307890    0.00%
 446152 278754        cutoff          21005.3641    21005.1314 51300020    0.00%
 446498 279641        cutoff          21005.3641    21005.1314 51413693    0.00%
 446710 279810    21005.1403    79    21005.3641    21005.1314 51420787    0.00%
 447135 280194    21005.1617    58    21005.3641    21005.1314 51456418    0.00%
 447932 280940    21005.2810   110    21005.3641    21005.1314 51552988    0.00%
 448425 281055    21005.1875    56    21005.3641    21005.1314 51566095    0.00%
Elapsed time = 3560.32 sec. (2118915.94 ticks, tree = 22156.66 MB, solutions = 37)
Nodefile size = 20109.20 MB (17359.94 MB after compression)
 448815 281099        cutoff          21005.3641    21005.1314 51573565    0.00%
 449289 281803    21005.3474    61    21005.3641    21005.1314 51653752    0.00%
 449770 282224    21005.1631    54    21005.3641    21005.1314 51694481    0.00%
 450061 282120    21005.1389   107    21005.3641    21005.1314 51682437    0.00%
 450484 282369    21005.1398    93    21005.3641    21005.1314 51722426    0.00%
 450700 282881    21005.3392   110    21005.3641    21005.1314 51764443    0.00%

Clique cuts applied:  10
Cover cuts applied:  18
Implied bound cuts applied:  558
Flow cuts applied:  124
Mixed integer rounding cuts applied:  155
Zero-half cuts applied:  45
Lift and project cuts applied:  35
Gomory fractional cuts applied:  23

Root node processing (before b&c):
  Real time             =   11.16 sec. (7095.13 ticks)
Parallel b&c, 12 threads:
  Real time             = 3593.11 sec. (2141373.38 ticks)
  Sync time (average)   =  513.58 sec.
  Wait time (average)   =    0.07 sec.
                          ------------
Total (root+branch&cut) = 3604.27 sec. (2148468.50 ticks)

Solution pool: 37 solutions saved.

MIP - Time limit exceeded, integer feasible:  Objective =  2.1005364106e+04
Current MIP best bound =  2.1005131356e+04 (gap = 0.23275, 0.00%)
Solution time = 3604.28 sec.  Iterations = 51875571  Nodes = 450753 (283918)
Deterministic time = 2148468.52 ticks  (596.09 ticks/sec)

MILP problem relaxed to LP with fixed integer variables using
incumbent solution.
CPXPARAM_TimeLimit                               3600
CPXPARAM_MIP_Tolerances_MIPGap                   0
CPXPARAM_MIP_Limits_TreeMemory                   64413.1875
Parallel mode: deterministic, using up to 12 threads for concurrent optimization.
Tried aggregator 1 time.
LP Presolve eliminated 40263 rows and 5225 columns.
Aggregator did 637 substitutions.
Reduced LP has 703 rows, 587 columns, and 2487 nonzeros.
Presolve time = 0.02 sec. (14.02 ticks)
Initializing dual steep norms . . .

Iteration log . . .
Iteration:     1   Dual objective     =         21005.364106
Perturbation started.
Iteration:    51   Dual objective     =         21005.364106
Iteration:   161   Dual objective     =         21005.398607
Iteration:   242   Dual objective     =         21005.414089
Iteration:   313   Dual objective     =         21005.428376
Iteration:   386   Dual objective     =         21005.451138
Removing perturbation.

Dual simplex solved model.


Dual simplex - Optimal:  Objective =  2.1005364106e+04
Solution time =    0.05 sec.  Iterations = 415 (0)
Deterministic time = 33.46 ticks  (715.31 ticks/sec)


Solution written to file 'MFMP_v0002-pulp.sol'.
