
Log started (V12.8.0.0) Sat Nov 24 00:19:12 2018

New value for time limit in seconds: 3600
New value for mixed integer optimality gap tolerance: 0
New value for upper limit on size of tree in megabytes: 64413.2
CPXPARAM_TimeLimit                               3600
CPXPARAM_MIP_Tolerances_MIPGap                   0
CPXPARAM_MIP_Limits_TreeMemory                   64413.1875
Tried aggregator 3 times.
MIP Presolve eliminated 32059 rows and 422 columns.
MIP Presolve modified 1017 coefficients.
Aggregator did 223 substitutions.
Reduced MIP has 9321 rows, 5804 columns, and 72282 nonzeros.
Reduced MIP has 3259 binaries, 0 generals, 0 SOSs, and 0 indicators.
Presolve time = 0.31 sec. (304.41 ticks)
Probing fixed 199 vars, tightened 1784 bounds.
Probing changed sense of 288 constraints.
Probing time = 0.16 sec. (52.04 ticks)
Tried aggregator 2 times.
MIP Presolve eliminated 929 rows and 275 columns.
MIP Presolve modified 805 coefficients.
Aggregator did 104 substitutions.
Reduced MIP has 8288 rows, 5425 columns, and 54445 nonzeros.
Reduced MIP has 2985 binaries, 1 generals, 0 SOSs, and 0 indicators.
Presolve time = 0.14 sec. (117.33 ticks)
Probing fixed 0 vars, tightened 42 bounds.
Probing time = 0.09 sec. (25.03 ticks)
Clique table members: 9914.
MIP emphasis: balance optimality and feasibility.
MIP search method: dynamic search.
Parallel mode: deterministic, using up to 12 threads.
Root relaxation solution time = 0.91 sec. (574.26 ticks)

        Nodes                                         Cuts/
   Node  Left     Objective  IInf  Best Integer    Best Bound    ItCnt     Gap

      0     0    20014.1389  1070                  20014.1389       31         
      0     0    22888.4706   878                   Cuts: 894     6709         
      0     0    23837.0389   719                   Cuts: 376     8986         
      0     0    23853.5873   736                   Cuts: 243    10039         
      0     0    23865.3893   736                   Cuts: 179    10446         
      0     0    23865.5241   756                   Cuts: 101    11341         
      0     0    23871.4287   778                   Cuts: 125    11494         
      0     0    23871.4641   777                    Cuts: 88    11603         
      0     2    23871.4641   773                  23871.4641    11603         
Elapsed time = 13.42 sec. (9171.90 ticks, tree = 0.01 MB, solutions = 0)
      2     3    23871.8957   776                  23871.4650    13858         
     13     9    23872.0624   757                  23871.4650    14403         
     23    13    23901.1065   694                  23871.4685    14497         
     43    29    23911.9798   704                  23871.4685    22213         
     61    32    23901.2978   707                  23871.4685    25220         
     71    55    23901.2139   718                  23871.4712    32836         
     78    67    23901.2165   705                  23871.4712    43915         
     90    82    23937.6536   673                  23871.4712    55833         
    102    90    23947.6604   670                  23871.4712    62448         
    242   199    24005.6543   670                  23871.4713    98497         
Elapsed time = 20.01 sec. (12715.13 ticks, tree = 2.15 MB, solutions = 0)
    378   292    23962.1343   672                  23871.4713   116091         
    522   443    23975.5013   659                  23871.4713   157514         
    647   476    23965.1460   656                  23871.4713   165842         
    845   640    23992.2906   679                  23871.4713   197026         
    994   831    24127.6326   602                  23871.4713   233813         
   1163   894    24005.7672   654                  23871.4713   252962         
   1357  1121    24112.2759   658                  23871.4713   307943         
   1566  1192    24157.9871   581                  23871.4713   328720         
   1748  1401    24263.0099   606                  23871.4713   368115         
   1957  1569    24083.5619   609                  23871.4713   414222         
Elapsed time = 39.77 sec. (22301.08 ticks, tree = 5.71 MB, solutions = 0)
   2114  1696    24092.3776   599                  23871.4713   445077         
   2232  1862    24299.6802   660                  23871.4713   498277         
   2356  1991    24266.8769   689                  23871.4713   540982         
   2529  2022    infeasible                        23871.4713   547251         
   2669  2199    24025.9371   631                  23871.4713   605376         
   2859  2411    23937.3954   707                  23871.4713   670028         
   3073  2514    23964.8625   685                  23871.4713   698015         
   3217  2652    26013.8962   483                  23871.4713   737020         
   3385  2778    26013.3525   469                  23871.4713   775854         
   3570  3038    24269.3310   543                  23871.4713   859979         
Elapsed time = 57.61 sec. (31911.75 ticks, tree = 9.82 MB, solutions = 0)
   3796  3024    23983.7144   638                  23871.4713   853774         
   3959  3361    24325.5832   608                  23871.4713   937364         
   4107  3477    24055.7023   628                  23872.0853   969276         
   4424  3494    23947.0739   740                  23872.0853   984517         
   4752  4094    23920.9175   692                  23872.0853  1063493         
   4993  4255    25833.3098   461                  23872.0853  1107146         
   5206  4577    23912.6248   740                  23872.0853  1143157         
   5404  4762    26283.2781   408                  23872.0853  1207908         
   5614  4778    24184.5794   720                  23872.0853  1213291         
   5807  4966    27030.4759   408                  23872.0853  1253495         
Elapsed time = 76.60 sec. (41493.49 ticks, tree = 16.57 MB, solutions = 0)
   5964  5337    24083.5310   622                  23872.0853  1360935         
   6193  5419    26061.7831   439                  23872.0853  1396696         
   6406  5752    24386.0601   617                  23872.0853  1482761         
   6586  5707    27012.2991   401                  23872.0853  1479089         
   6775  5906    24019.2012   709                  23872.0853  1521929         
   7015  6075    23928.4384   667                  23872.0853  1576082         
   7299  6386    24095.6177   733                  23872.0853  1667466         
   7414  6604    25021.6695   485                  23872.0853  1720968         
   7574  6686    24041.6922   688                  23872.0853  1744460         
   7738  6764    24269.2407   689                  23872.0853  1765145         
Elapsed time = 94.83 sec. (51069.10 ticks, tree = 20.98 MB, solutions = 0)
   7905  6904    24170.9883   654                  23872.0853  1808786         
   8098  7078    23965.9318   711                  23901.3584  1840638         
   8253  7314    24317.3008   703                  23901.3584  1912446         
   8525  7455    25290.9495   455                  23901.6290  1949334         
   8682  7637    26129.0046   433                  23901.6290  1980342         
   8825  7711    24151.1238   632                  23901.6290  2025172         
   8984  7987    25122.7744   499                  23901.9689  2082245         
   9115  8169    26214.8841   446                  23901.9689  2143432         
   9297  8318    24384.4697   606                  23901.9689  2200937         
   9430  8331    24381.0834   656                  23901.9689  2216643         
Elapsed time = 113.67 sec. (60758.07 ticks, tree = 25.32 MB, solutions = 0)
   9557  8359    24150.8320   642                  23902.0159  2230477         
   9633  8700    24598.7130   681                  23903.1258  2337478         
   9760  8496    24191.0692   663                  23903.1258  2264307         
   9893  8887    24980.9480   489                  23903.1258  2408732         
  10017  8905    25002.6208   606                  23903.1258  2430622         
  10180  9102    24570.2390   607                  23903.1258  2503812         
  10385  9237    24506.4710   591                  23903.1258  2547606         
  10604  9414    25159.5172   600                  23903.1258  2592855         
  10794  9438    25358.2768   523                  23903.1258  2597035         
  10964  9590    24858.7855   555                  23903.1258  2659266         
Elapsed time = 132.53 sec. (70313.64 ticks, tree = 30.34 MB, solutions = 0)
  11128  9996    25128.6376   510                  23903.1258  2767639         
  11310  9877    25165.9633   435                  23903.1258  2735597         
  11472 10186    24941.2542   567                  23910.8362  2832167         
  11591 10334    24518.1261   558                  23910.8362  2886970         
  11755 10464    25590.2046   536                  23910.8362  2929351         
  11910 10525    24234.6437   673                  23910.8394  2967191         
  12086 10542    24507.7480   614                  23910.8394  2963806         
  12204 10789    24502.5801   656                  23910.8496  3037046         
  12292 11076    25246.1081   501                  23910.8496  3162229         
  12448 11119    26011.9347   427                  23910.8496  3184858         
Elapsed time = 151.37 sec. (79978.05 ticks, tree = 34.13 MB, solutions = 0)
  12641 11194    24271.2498   685                  23910.8496  3196296         
  12853 11414    24276.1668   677                  23910.9240  3272658         
  13027 11526    25423.8326   470                  23910.9240  3309240         
  13187 11728    24552.9517   661                  23910.9314  3345772         
  13418 11972    24639.5475   656                  23910.9314  3424743         
  13574 12160    24235.7112   662                  23910.9314  3474795         
  13797 12381    24711.1858   658                  23911.0898  3523004         
  14026 12537    24614.3276   670                  23911.0898  3565759         
  14358 12564    24837.3520   612                  23911.0898  3565862         
  14542 12659    24291.1771   687                  23911.2296  3593744         
Elapsed time = 169.88 sec. (89577.23 ticks, tree = 40.18 MB, solutions = 0)
  14746 13391    24203.5234   652                  23911.2296  3727738         
  14900 13280    24714.0292   698                  23911.2296  3709829         
  15100 13590    24256.9430   601                  23911.2296  3783436         
  15273 13495    25338.1347   634                  23911.2296  3751244         
  15540 13750    26453.5330   481                  23911.2296  3844992         
  15828 14123    25864.2283   445                  23911.2296  3918366         
  16056 14138    24619.4694   660                  23911.2296  3908214         
  16257 14410    24790.2639   662                  23911.2330  3965207         
  16371 14512    24780.4615   467                  23911.2330  4008541         
  17001 15303    25310.1683   497                  23911.2646  4203258         
Elapsed time = 194.80 sec. (102034.46 ticks, tree = 47.23 MB, solutions = 0)
  17809 15899    24311.2799   673                  23911.2759  4388609         
  18774 16629    24204.2883   682                  23911.2759  4561792         
  19680 17460    24554.6692   702                  23911.2795  4718739         
  20730 18752    25635.7552   464                  23911.2863  4961586         
  21706 19392    24618.2974   636                  23911.3162  5062360         
  22510 20365    24760.8074   658                  23911.3162  5266974         
  23395 21216    24661.3687   641                  23911.3248  5467245         
  24466 22255    25107.4621   619                  23911.3409  5665404         
  25197 22935    24406.1216   700                  23911.3409  5805865         
  26136 24007    25117.1933   586                  23911.3624  6040944         
Elapsed time = 269.87 sec. (140269.11 ticks, tree = 73.96 MB, solutions = 0)
  27048 24332    24500.8301   660                  23911.3624  6106228         
  28195 25432    24726.6390   681                  23911.3625  6317732         
  28894 26585    24860.2543   518                  23911.3631  6461506         
  29697 27531    24882.4432   505                  23911.3856  6625293         
  30765 27987    24433.0891   640                  23911.3856  6675006         
  31743 28485    24488.6490   600                  23911.3869  6759869         
  32750 29585    24154.7990   677                  23911.4074  6913950         
  33592 30940    24460.7992   713                  23911.4650  7112258         
  34490 31358    24810.3695   620                  23911.4653  7157641         
  35665 32019    25468.4400   445                  23911.4655  7301144         
Elapsed time = 341.44 sec. (178470.85 ticks, tree = 728.05 MB, solutions = 0)
  36612 33402    24914.3995   561                  23911.4655  7448464         
  37709 33855    24351.1379   601                  23911.4655  7521017         
  38696 34728    25986.8269   477                  23911.5055  7650451         
  39690 35908    24744.7171   597                  23911.5228  7782630         
  41013 36284    24695.2932   666                  23911.5291  7850512         
  42319 37533    25052.3842   616                  23911.5291  7976993         
  43429 39546    24677.1532   657                  23911.5292  8180458         
  44143 39766    25868.4970   459                  23911.5455  8220579         
  44924 41086    24308.2669   638                  23911.5455  8416120         
  45552 41641    24999.8484   597                  23911.5455  8525120         
Elapsed time = 413.71 sec. (216648.76 ticks, tree = 1657.93 MB, solutions = 0)
  46709 42261    24153.7888   684                  23911.6233  8646062         
  48276 42666    24463.2493   643                  23911.6319  8704783         
  49336 44118    24658.0873   640                  23911.6608  8807430         
  50167 45170    24327.4966   639                  23911.7040  8906803         
  51064 46389    24224.6129   641                  23911.7165  9067872         
  52057 47212    25457.9014   446                  23911.7386  9226316         
  53147 47885    24223.1031   698                  23911.7456  9292273         
  54033 49271    24285.1542   655                  23911.7912  9482347         
  54737 49033    24316.4319   644                  23911.7912  9463255         
  55622 50492    24795.4308   596                  23911.9292  9671308         
Elapsed time = 487.34 sec. (254842.49 ticks, tree = 2514.56 MB, solutions = 0)
Nodefile size = 467.31 MB (407.81 MB after compression)
  56595 51688    24917.8194   626                  23911.9292  9869525         
  57766 52477    24643.9301   676                  23911.9292  9993991         
  58806 53238    24886.9648   563                  23912.0332 10086996         
  59719 54385    24219.6014   638                  23912.0332 10244816         
  60842 54919    25952.4124   551                  23912.2200 10333846         
  61966 55485    24716.1573   616                  23912.3668 10386043         
  63158 56738    26209.8013   378                  23912.4666 10517975         
  64256 57067    24169.8252   639                  23912.4666 10554880         
  65465 59281    24874.0351   600                  23912.6061 10766171         
  66534 59783    24612.5423   669                  23912.6238 10845382         
Elapsed time = 563.20 sec. (293007.31 ticks, tree = 3525.45 MB, solutions = 0)
Nodefile size = 1477.49 MB (1295.60 MB after compression)
  67805 60967    25615.1551   426                  23912.7137 11012047         
  69117 62457    25473.2915   426                  23912.7919 11166685         
  70627 63822    24456.8592   652                  23912.7990 11330927         
  71569 63470    24482.4556   686                  23912.8087 11300907         
  71704 65820    27005.0500   417                  27005.1538 11689409         
  71706 65822    27005.1103   451                  27005.1538 11702560         
  71708 65823    27005.1226   458                  27005.1538 11707826         
  71714 37618    27005.4843   419                  27005.1538 11723747         
  71718 24184    27005.5657   437                  27005.1538 11727438         
  71730   390    27005.5157   466                  27005.1538 11763350         
Elapsed time = 797.30 sec. (422098.34 ticks, tree = 11.78 MB, solutions = 0)
  71753    33    27005.8060   478                  27005.1538 11793971         
  71801    55    27005.6839   408                  27005.1538 11897415         
  71848    63    27007.5177   327                  27005.1824 11941700         
  71905   118    27007.5154   401                  27005.1824 12022164         
  71941   208    27009.1238   330                  27005.1824 12144383         
  71981   148    27195.2278   430                  27005.1824 12067199         
  72029   295    28006.5143   329                  27005.1824 12283512         
  72092   337    27010.4557   350                  27005.1824 12365228         
  72143   346    28005.1755   343                  27005.1824 12387467         
  72200   379    27008.6973   373                  27005.1824 12446066         
Elapsed time = 884.99 sec. (460880.74 ticks, tree = 15.65 MB, solutions = 0)
  72264   455    28012.3522   218                  27005.1824 12514170         
  72407   568    29018.3932   209                  27005.1824 12663773         
  72520   654    29010.1186   128                  27005.1824 12715107         
  72699   730    28007.3160   278                  27005.1824 12778242         
  72918  1000    29011.2279   143                  27005.1824 12867624         
  73100  1066    28006.9962   384                  27005.1824 12973038         
  73274  1162    29009.9461   219                  27005.1824 13014680         
  73471  1125    27016.2944   275                  27005.1824 13021041         
  73641  1455    28010.0952   279                  27005.1824 13112392         
  73809  1637    28007.2915   331                  27005.1824 13203234         
Elapsed time = 978.43 sec. (499366.97 ticks, tree = 154.63 MB, solutions = 0)
  74088  1796    30011.9572   175                  27005.1824 13270763         
  74333  2163    29012.8184   191                  27005.1824 13389770         
  74676  2564    27006.0101   441                  27005.1824 13544644         
  74817  2206    27159.0500   330                  27005.1824 13457574         
  75014  2785    29010.5647   227                  27005.1879 13640135         
  75178  2835    28008.3283   289                  27005.1879 13694113         
  75297  3121    28006.8948   343                  27005.1879 13861301         
  75408  3163    28010.6721   269                  27005.1894 13853069         
  75522  3302    27010.6782   322                  27005.1894 13967134         
  75669  3560    28005.9607   282                  27005.1894 14153021         
Elapsed time = 1064.97 sec. (537746.60 ticks, tree = 315.48 MB, solutions = 0)
  75793  3478    27011.8239   302                  27005.1894 14141589         
  75954  3666    27013.2809   308                  27005.5150 14267190         
  76127  3877    28008.5366   287                  27005.5150 14375056         
  76380  3904    27006.3496   336                  27005.5150 14382907         
  76609  4426    28014.7239   230                  27005.5150 14565321         
  76834  4324    28010.2243   250                  27005.5150 14547261         
  77091  4814    29015.4245   176                  27005.5150 14715728         
  77394  4970    28008.3346   276                  27005.5150 14761846         
  77588  5011    infeasible                        27005.5150 14773389         
  77685  5066    27005.9311   402                  27005.5150 14823964         
Elapsed time = 1149.53 sec. (576430.74 ticks, tree = 550.51 MB, solutions = 0)
  77706  5081    27329.3912   380                  27005.5150 14862856         
  77707  5549    27004.2556   252                  27005.5150 15042407         
  77709  5551    27004.2563   298                  27005.5150 15052843         
  77718  2387    27004.2557   280                  27005.5150 15088471         
  77763    33    27004.7214   314                  27005.5150 15139074         
  77833    77    27004.6326   289                  27005.5150 15164153         
  77974   214    27004.7411   287                  27005.5150 15229732         
  78146   347    27005.4033   359                  27005.5150 15260731         
  78355   560    27006.2795   371                  27005.5150 15314231         
  78625   723    27005.6302   309                  27005.5150 15338512         
Elapsed time = 1224.80 sec. (624902.17 ticks, tree = 54.29 MB, solutions = 0)
  79028   919    27007.1371   449                  27005.5150 15361350         
  79682  1558    27011.4465   348                  27005.5150 15423488         
* 79983+ 1823                        30016.7284    27005.5150            10.03%
  80323  2062    27005.2075   367    30016.7284    27005.5150 15471079   10.03%
  80834  2614    27006.8112   462    30016.7284    27005.5150 15544538   10.03%
  81550  3022    27005.6041   371    30016.7284    27005.5150 15620326   10.03%
  82364  3819    27008.3843   428    30016.7284    27005.5150 15719582   10.03%
  83233  4636    27004.8507   333    30016.7284    27005.5150 15828699   10.03%
  83965  5377    27005.0673   337    30016.7284    27005.5150 15916193   10.03%
  84662  6149    27006.8199   388    30016.7284    27005.5150 16006062   10.03%
  85560  6866    27004.7059   328    30016.7284    27005.5150 16075669   10.03%
Elapsed time = 1305.22 sec. (663088.43 ticks, tree = 652.62 MB, solutions = 1)
  86288  7580    27006.3308   387    30016.7284    27005.5150 16135789   10.03%
  87013  8255    27006.1198   390    30016.7284    27005.5150 16228540   10.03%
  87955  9465    27006.8506   462    30016.7284    27005.5150 16378996   10.03%
  88870 10041    27010.4548   369    30016.7284    27005.5150 16440986   10.03%
  89902 10884    27006.4944   376    30016.7284    27005.5150 16533979   10.03%
  90979 11873    27005.5942   399    30016.7284    27005.5150 16616692   10.03%
  92195 13071    27004.3125   280    30016.7284    27005.5150 16727971   10.03%
  93167 14354    27008.7372   384    30016.7284    27005.5150 16836296   10.03%
  94194 15507    27004.9546   374    30016.7284    27005.5150 16931031   10.03%
  95272 16283    27006.3605   414    30016.7284    27005.5150 16996864   10.03%
Elapsed time = 1392.29 sec. (701271.79 ticks, tree = 1552.07 MB, solutions = 1)
  95937 16953    27004.6280   293    30016.7284    27005.5150 17065605   10.03%
  97009 17594    27007.2134   298    30016.7284    27005.5150 17139094   10.03%
  98171 18541    infeasible          30016.7284    27005.5150 17229245   10.03%
  99154 20166    27004.7132   311    30016.7284    27005.5150 17387858   10.03%
 100329 20987    28013.2406   272    30016.7284    27005.5150 17462247   10.03%
 101599 22256    27006.8508   358    30016.7284    27005.5150 17564509   10.03%
 102551 23162    27005.2554   261    30016.7284    27005.5150 17637765   10.03%
 103505 24346    27012.5258   336    30016.7284    27005.5150 17739029   10.03%
 104367 25072    27007.6723   443    30016.7284    27005.5150 17820381   10.03%
 105349 25615    27007.1607   329    30016.7284    27005.5150 17888208   10.03%
Elapsed time = 1479.60 sec. (739450.23 ticks, tree = 2467.69 MB, solutions = 1)
Nodefile size = 420.28 MB (350.87 MB after compression)
 106237 26687    27004.4787   287    30016.7284    27005.5150 18024445   10.03%
 107109 27349    27005.4333   283    30016.7284    27005.5150 18093136   10.03%
 108073 28024    27004.6760   300    30016.7284    27005.5150 18161688   10.03%
 108993 29479    27008.8853   434    30016.7284    27005.5150 18316931   10.03%
 110271 29858    27008.7188   410    30016.7284    27005.5150 18349719   10.03%
 111104 30936    27008.7551   409    30016.7284    27005.5150 18454037   10.03%
 111855 31768    27004.7150   302    30016.7284    27005.5150 18526517   10.03%
 113244 32857    27004.3105   287    30016.7284    27005.5150 18660417   10.03%
 114458 34390    29013.0466   197    30016.7284    27005.5150 18765277   10.03%
 115391 34634    27307.1161   397    30016.7284    27005.5150 18801298   10.03%
Elapsed time = 1565.63 sec. (777630.52 ticks, tree = 3378.82 MB, solutions = 1)
Nodefile size = 1330.83 MB (1112.06 MB after compression)
 116413 36210    27006.1166   321    30016.7284    27005.5150 18965526   10.03%
 117322 36982    27004.8015   300    30016.7284    27005.5150 19022463   10.03%
 118531 38029    27009.2171   411    30016.7284    27005.5150 19125610   10.03%
 119851 39489    27006.7805   394    30016.7284    27005.5150 19246711   10.03%
 120771 40226    27006.8995   411    30016.7284    27005.5150 19298362   10.03%
 121606 41119    27004.9818   329    30016.7284    27005.5150 19396895   10.03%
 122310 41673    27004.5379   276    30016.7284    27005.5150 19455580   10.03%
 123196 42472    27004.7582   250    30016.7284    27005.5150 19563464   10.03%
 123950 43340    27005.7750   320    30016.7284    27005.5150 19689511   10.03%
 125105 44294    27011.8405   418    30016.7284    27005.5150 19816150   10.03%
Elapsed time = 1651.36 sec. (815805.97 ticks, tree = 4238.46 MB, solutions = 1)
Nodefile size = 2190.82 MB (1828.94 MB after compression)
 126344 44386    27005.5594   369    30016.7284    27005.5150 19823309   10.03%
 127474 46591    27005.0252   317    30016.7284    27005.5150 20009695   10.03%
 128432 47301    27007.2407   379    30016.7284    27005.5150 20074129   10.03%
 129628 48815    27007.4707   350    30016.7284    27005.5150 20197456   10.03%
 130479 49770    27005.0590   322    30016.7284    27005.5150 20302717   10.03%
 131771 50544    27005.5542   312    30016.7284    27005.5150 20373709   10.03%
 133106 51008    27005.0508   277    30016.7284    27005.5150 20448650   10.03%
 134022 53083    27011.3166   365    30016.7284    27005.5150 20598233   10.03%
 134882 53281    27004.3307   292    30016.7284    27005.5150 20617059   10.03%
 135856 54387    27004.3864   258    30016.7284    27005.5150 20711888   10.03%
Elapsed time = 1738.82 sec. (853978.00 ticks, tree = 5211.62 MB, solutions = 1)
Nodefile size = 3164.43 MB (2645.80 MB after compression)
 136890 54769    27007.1179   423    30016.7284    27005.5150 20780191   10.03%
 138043 56448    27008.7161   406    30016.7284    27005.5150 20956560   10.03%
 138990 56956    27007.2059   345    30016.7284    27005.5150 20987315   10.03%
 140057 57928    28012.0124   247    30016.7284    27005.5150 21092935   10.03%
 140983 58754    27005.2722   322    30016.7284    27005.5150 21212033   10.03%
 142091 59851    27006.8596   398    30016.7284    27005.5150 21287984   10.03%
 143378 62001    27005.6653   377    30016.7284    27005.5150 21515082   10.03%
 144585 62826    27007.0784   414    30016.7284    27005.5150 21579393   10.03%
 145496 62508    27005.3455   316    30016.7284    27005.5150 21563339   10.03%
 146279 64666    27005.2463   339    30016.7284    27005.5150 21744177   10.03%
Elapsed time = 1828.56 sec. (892191.08 ticks, tree = 6220.19 MB, solutions = 1)
Nodefile size = 4172.48 MB (3491.35 MB after compression)
 146962 65432    27005.7228   396    30016.7284    27005.5150 21855256   10.03%
 147638 65537    27005.4450   296    30016.7284    27005.5150 21879148   10.03%
 148559 66130    27004.7360   322    30016.7284    27005.5150 21958646   10.03%
 149424 67532    27006.7847   401    30016.7284    27005.5150 22142627   10.03%
 150375 68322    28010.4116   373    30016.7284    27005.5150 22234387   10.03%
 151525 69521    29016.7561   117    30016.7284    27005.5150 22361072   10.03%
 152224 69746    27009.8446   477    30016.7284    27005.5150 22379395   10.03%
 152974 70855    27008.4819   461    30016.7284    27005.5150 22526671   10.03%
 153598 71947    27005.4927   298    30016.7284    27005.5150 22666587   10.03%
 154611 72358    27005.6305   356    30016.7284    27005.5150 22726671   10.03%
Elapsed time = 1918.43 sec. (930369.81 ticks, tree = 6934.31 MB, solutions = 1)
Nodefile size = 4887.11 MB (4098.50 MB after compression)
 155322 72894    27005.2509   314    30016.7284    27005.5150 22790348   10.03%
 156150 73668    27005.9977   373    30016.7284    27005.5150 22894829   10.03%
 157027 74869    28010.0754   315    30016.7284    27005.5150 23080755   10.03%
 157843 75550    27005.0396   349    30016.7284    27005.5150 23136471   10.03%
 158744 76204    27004.8695   368    30016.7284    27005.5150 23236024   10.03%
 159520 77006    27005.1962   411    30016.7284    27005.5150 23323700   10.03%
 160541 77315    27009.8471   471    30016.7284    27005.5150 23356249   10.03%
 161332 77842    28014.9553   350    30016.7284    27005.5150 23429901   10.03%
 162279 79381    28010.7935   394    30016.7284    27005.5150 23604901   10.03%
 163126 80220    27005.6688   367    30016.7284    27005.5150 23712472   10.03%
Elapsed time = 2009.17 sec. (968556.55 ticks, tree = 7751.85 MB, solutions = 1)
Nodefile size = 5704.44 MB (4798.17 MB after compression)
 163950 81099    27004.4864   309    30016.7284    27005.5150 23828407   10.03%
 164717 81468    27005.4540   344    30016.7284    27005.5150 23874029   10.03%
 165643 82225    27004.7206   322    30016.7284    27005.5150 23956340   10.03%
 166529 83884    27004.5545   333    30016.7284    27005.5150 24168844   10.03%
 167619 83533    27009.0128   422    30016.7284    27005.5150 24121830   10.03%
 168577 85707    28010.6645   308    30016.7284    27005.5150 24367583   10.03%
 169436 85809    27004.8032   382    30016.7284    27005.5150 24375799   10.03%
 170281 86817    27008.2624   368    30016.7284    27005.5150 24526800   10.03%
 171014 87473    27010.1448   420    30016.7284    27005.5150 24596304   10.03%
 171839 88969    27005.3193   372    30016.7284    27005.5150 24795432   10.03%
Elapsed time = 2101.59 sec. (1006759.14 ticks, tree = 8544.33 MB, solutions = 1)
Nodefile size = 6497.29 MB (5473.13 MB after compression)
 172682 89534    27006.8245   427    30016.7284    27005.5150 24871302   10.03%
 173760 89508    27004.6108   314    30016.7284    27005.5150 24870726   10.03%
 174595 90661    27005.2805   348    30016.7284    27005.5150 25017811   10.03%
 175471 92225    27006.4158   362    30016.7284    27005.5150 25219372   10.03%
 176597 92921    27004.7466   319    30016.7284    27005.5150 25313451   10.03%
 177582 93139    infeasible          30016.7284    27005.5150 25350811   10.03%
 178514 94703    27004.6643   288    30016.7284    27005.5150 25504645   10.03%
 179427 95396    27009.1348   372    30016.7284    27005.5150 25580028   10.03%
 180357 96243    27004.7009   318    30016.7284    27005.5150 25677634   10.03%
 181259 96505    27005.1282   321    30016.7284    27005.5150 25699057   10.03%
Elapsed time = 2197.41 sec. (1044975.17 ticks, tree = 9365.50 MB, solutions = 1)
Nodefile size = 7318.14 MB (6169.39 MB after compression)
 182159 98494    27004.7491   377    30016.7284    27005.5150 25951611   10.03%
 182943 99083    27006.9539   448    30016.7284    27005.5150 26029462   10.03%
 183730 99041    27007.1683   445    30016.7284    27005.5150 26027190   10.03%
 184508 100548    27005.3101   276    30016.7284    27005.5150 26213830   10.03%
 185231 100571    27004.7288   303    30016.7284    27005.5150 26242480   10.03%
 186024 101183    27004.7066   344    30016.7284    27005.5150 26368746   10.03%
 186754 102250    27004.4088   334    30016.7284    27005.5150 26474274   10.03%
 187496 103313    27008.4215   371    30016.7284    27005.5150 26665173   10.03%
 188228 103612    27004.8907   330    30016.7284    27005.5150 26718783   10.03%
 189082 104168    27008.7772   362    30016.7284    27005.5150 26805954   10.03%
Elapsed time = 2294.75 sec. (1083183.81 ticks, tree = 10091.05 MB, solutions = 1)
Nodefile size = 8043.25 MB (6776.37 MB after compression)
 189810 104347    27005.8185   381    30016.7284    27005.5150 26859332   10.03%
 190442 105719    27005.0486   302    30016.7284    27005.5150 27014354   10.03%
 191237 106866    infeasible          30016.7284    27005.5150 27196385   10.03%
 192000 106948    infeasible          30016.7284    27005.5150 27217830   10.03%
 192767 108354    27009.7479   468    30016.7284    27005.5150 27416181   10.03%
 193514 108635    27007.7952   399    30016.7284    27005.5150 27473700   10.03%
 194259 109631    27004.7381   328    30016.7284    27005.5150 27620589   10.03%
 195069 109748    27009.4883   362    30016.7284    27005.5150 27629142   10.03%
 195906 111246    28011.7421   320    30016.7284    27005.5150 27868943   10.03%
 196703 112026    28011.6794   419    30016.7284    27005.5150 27958027   10.03%
Elapsed time = 2390.24 sec. (1121400.57 ticks, tree = 10781.40 MB, solutions = 1)
Nodefile size = 8734.34 MB (7365.02 MB after compression)
 197498 111797    27004.3510   268    30016.7284    27005.5150 27930603   10.03%
 198412 113005    27006.7014   330    30016.7284    27005.5150 28076381   10.03%
 199328 113694    27007.2216   502    30016.7284    27005.5150 28170258   10.03%
 200191 114968    27004.8404   343    30016.7284    27005.5150 28343599   10.03%
 201072 115335    27006.0778   382    30016.7284    27005.5150 28379702   10.03%
 202090 115628    27010.8043   464    30016.7284    27005.5150 28414768   10.03%
 202866 116827    27007.1569   370    30016.7284    27005.5150 28583520   10.03%
 203418 117267    27009.0302   349    30016.7284    27005.5150 28630460   10.03%
 204155 118447    27004.4323   312    30016.7284    27005.5150 28775113   10.03%
 204925 119615    27004.6525   364    30016.7284    27005.5150 28950645   10.03%
Elapsed time = 2485.27 sec. (1159604.48 ticks, tree = 11534.55 MB, solutions = 1)
Nodefile size = 9486.63 MB (8008.11 MB after compression)
 205735 119451    27004.8712   412    30016.7284    27005.5150 28928868   10.03%
 206508 120416    27007.2493   402    30016.7284    27005.5150 29071882   10.03%
 207352 121663    27004.9792   331    30016.7284    27005.5150 29240356   10.03%
 208173 121911    27009.8534   475    30016.7284    27005.5150 29276232   10.03%
 209079 122991    27004.8814   314    30016.7284    27005.5150 29417673   10.03%
 209755 123404    27005.6502   431    30016.7284    27005.5150 29487768   10.03%
 210541 124349    27005.5737   400    30016.7284    27005.5150 29623810   10.03%
 211218 125498    27006.5649   370    30016.7284    27005.5150 29783693   10.03%
 211923 125806    27008.8899   326    30016.7284    27005.5150 29812088   10.03%
 212629 126181    27006.2727   334    30016.7284    27005.5150 29869243   10.03%
Elapsed time = 2581.98 sec. (1197833.49 ticks, tree = 12231.09 MB, solutions = 1)
Nodefile size = 10183.53 MB (8606.50 MB after compression)
 213302 127142    27004.6281   314    30016.7284    27005.5150 30044351   10.03%
 214112 127690    27005.2900   384    30016.7284    27005.5150 30124613   10.03%
 214921 128005    27009.3230   428    30016.7284    27005.5150 30196600   10.03%
 215770 129152    27004.9681   302    30016.7284    27005.5150 30351872   10.03%
 216544 129852    27007.0558   468    30016.7284    27005.5150 30444674   10.03%
 217209 130354    27004.5244   389    30016.7284    27005.5150 30507651   10.03%
 217953 131395    27005.4087   392    30016.7284    27005.5150 30689268   10.03%
 218779 131736    28014.4574   322    30016.7284    27005.5150 30719096   10.03%
 219588 133127    27004.9274   289    30016.7284    27005.5150 30908602   10.03%
 220534 132792    27006.9457   437    30016.7284    27005.5150 30862214   10.03%
Elapsed time = 2680.91 sec. (1236039.06 ticks, tree = 12923.70 MB, solutions = 1)
Nodefile size = 10876.75 MB (9203.15 MB after compression)
 221309 133711    28012.5839   273    30016.7284    27005.5150 30982195   10.03%
 221934 135327    27004.9511   317    30016.7284    27005.5150 31208669   10.03%
 222799 135719    27007.9584   417    30016.7284    27005.5150 31285263   10.03%
 223274 136630    27007.5494   352    30016.7284    27005.5150 31414085   10.03%
 224013 136694    27007.5817   451    30016.7284    27005.5150 31441802   10.03%
 224607 138057    27005.2974   405    30016.7284    27005.5150 31656881   10.03%
 225239 137672    infeasible          30016.7284    27005.5150 31602508   10.03%
 226082 139221    28011.0005   357    30016.7284    27005.5150 31836263   10.03%
 226907 139401    27004.6648   299    30016.7284    27005.5150 31891958   10.03%
 227798 139855    27005.6000   391    30016.7284    27005.5150 31960028   10.03%
Elapsed time = 2778.19 sec. (1274235.72 ticks, tree = 13579.76 MB, solutions = 1)
Nodefile size = 11531.90 MB (9768.26 MB after compression)
 228598 140669    27005.4281   411    30016.7284    27005.5150 32045234   10.03%
 229301 141166    27009.5611   436    30016.7284    27005.5150 32129642   10.03%
 229879 142202    27005.8677   401    30016.7284    27005.5150 32285392   10.03%
 230539 143143    27004.6817   276    30016.7284    27005.5150 32420332   10.03%
 231107 143417    27005.4624   400    30016.7284    27005.5150 32453983   10.03%
 231721 144459    27012.8297   443    30016.7284    27005.5150 32661357   10.03%
 232368 145064    27005.8425   336    30016.7284    27005.5150 32760571   10.03%
 233149 145216    27005.2360   328    30016.7284    27005.5150 32812051   10.03%
 234096 145940    27005.2202   286    30016.7284    27005.5150 32918338   10.03%
 234776 146358    27007.5130   439    30016.7284    27005.5150 32970931   10.03%
Elapsed time = 2875.86 sec. (1312445.20 ticks, tree = 14241.01 MB, solutions = 1)
Nodefile size = 12193.87 MB (10345.01 MB after compression)
 235589 147572    27005.0626   329    30016.7284    27005.5150 33125239   10.03%
 236659 148129    27006.6995   462    30016.7284    27005.5150 33198367   10.03%
 237327 149500    27007.2695   432    30016.7284    27005.5150 33404982   10.03%
 237978 149830    27009.9684   399    30016.7284    27005.5150 33442504   10.03%
 238644 150486    27011.3585   507    30016.7284    27005.5150 33521725   10.03%
 239399 151678    27004.3315   247    30016.7284    27005.5150 33702824   10.03%
 240118 152342    27009.5471   414    30016.7284    27005.5150 33806369   10.03%
 240879 152043    27007.8899   427    30016.7284    27005.5150 33770996   10.03%
 241558 152827    27006.9957   473    30016.7284    27005.5150 33886360   10.03%
 242573 153847    27007.6540   349    30016.7284    27005.5150 34050916   10.03%
Elapsed time = 2973.29 sec. (1350629.67 ticks, tree = 14927.38 MB, solutions = 1)
Nodefile size = 12880.16 MB (10938.10 MB after compression)
 243490 154308    27005.4103   359    30016.7284    27005.5150 34107246   10.03%
 244359 155192    27011.7437   467    30016.7284    27005.5150 34242105   10.03%
 245114 156584    27006.4308   415    30016.7284    27005.5150 34422795   10.03%
 246036 156924    27004.3565   318    30016.7284    27005.5150 34459258   10.03%
 246539 158133    27004.6053   335    30016.7284    27005.5150 34624894   10.03%
 247140 158490    27006.1350   426    30016.7284    27005.5150 34660516   10.03%
 247874 159157    27008.5627   439    30016.7284    27005.5150 34762771   10.03%
 248734 159703    27007.7775   461    30016.7284    27005.5150 34878555   10.03%
 249460 160705    27006.1278   453    30016.7284    27005.5150 35037077   10.03%
 250103 161512    27005.4296   362    30016.7284    27005.5150 35150729   10.03%
Elapsed time = 3069.78 sec. (1388852.07 ticks, tree = 15602.24 MB, solutions = 1)
Nodefile size = 13554.65 MB (11519.91 MB after compression)
 250724 161818    27005.5266   390    30016.7284    27005.5150 35209032   10.03%
 251448 161985    27006.5868   418    30016.7284    27005.5150 35233517   10.03%
 252298 163419    27005.1905   433    30016.7284    27005.5150 35489530   10.03%
 253066 164119    27005.2330   331    30016.7284    27005.5150 35569017   10.03%
 253835 164838    27005.7190   392    30016.7284    27005.5150 35660710   10.03%
 254580 165672    30012.6738   149    30016.7284    27005.5150 35773181   10.03%
 255247 166164    27006.4478   447    30016.7284    27005.5150 35836542   10.03%
 256126 166825    27004.7404   338    30016.7284    27005.5150 35943314   10.03%
 256907 167573    27005.8651   449    30016.7284    27005.5150 36064903   10.03%
 257663 168840    27004.7399   346    30016.7284    27005.5150 36237484   10.03%
Elapsed time = 3165.90 sec. (1427039.38 ticks, tree = 16320.30 MB, solutions = 1)
Nodefile size = 14272.33 MB (12135.37 MB after compression)
 258294 169042    27006.6116   410    30016.7284    27005.5150 36280106   10.03%
 258926 169992    27005.2558   413    30016.7284    27005.5150 36434517   10.03%
 259864 170545    27012.2548   395    30016.7284    27005.5150 36530108   10.03%
 260601 170443    28009.9177   439    30016.7284    27005.5150 36508325   10.03%
 261245 171608    27004.8206   348    30016.7284    27005.5150 36711819   10.03%
 261998 172512    27006.7414   429    30016.7284    27005.5150 36804715   10.03%
 262764 173115    27004.9063   363    30016.7284    27005.5150 36913477   10.03%
 263525 173183    27006.2257   419    30016.7284    27005.5150 36921437   10.03%
 264439 174810    27007.1089   406    30016.7284    27005.5150 37140377   10.03%
 265265 175845    27006.2734   430    30016.7284    27005.5150 37274249   10.03%
Elapsed time = 3261.46 sec. (1465239.69 ticks, tree = 16999.07 MB, solutions = 1)
Nodefile size = 14951.80 MB (12720.94 MB after compression)
*265858+175437                        30016.5557    27005.5150            10.03%
 266165 176577    27011.4536   438    30016.5557    27005.5150 37361617   10.03%
*266504+176446                        30016.4852    27005.5150            10.03%
*266522+176383                        30015.3657    27005.5150            10.03%
 266984 176255    27006.4758   374    30015.3657    27005.5150 37339240   10.03%
*267412+177437                        30015.3015    27005.5150            10.03%
*267634+176796                        30014.4851    27005.5150            10.03%
 267725 177730    27005.5201   322    30014.4851    27005.5150 37521036   10.03%
*267958+177862                        29015.2778    27005.5150             6.93%
*268530+177261                        29015.1876    27005.5150             6.93%
 268760 177565    28012.8554   251    29015.1876    27005.5150 37653658    6.93%
*269445+177785                        29015.0529    27005.5150             6.93%
*269572+177444                        29014.7173    27005.5150             6.92%
 269643 178403    28007.8810   406    29014.7173    27005.5150 37760351    6.92%
*269771+178540                        29014.6272    27005.5150             6.92%
 270191 179202    27004.9081   354    29014.6272    27005.5150 37857073    6.92%
*270278+178705                        29014.3454    27005.5150             6.92%
*270674+179335                        29014.0248    27005.5150             6.92%
 270782 179539    27006.9921   384    29014.0248    27005.5150 37917423    6.92%
*271038+179483                        29013.9502    27005.5150             6.92%
 271191 179777    27005.0361   333    29013.9502    27005.5150 37953341    6.92%
 271554 180037    27005.7930   394    29013.9502    27005.5150 37990713    6.92%
*271694+180042                        29013.7978    27005.5150             6.92%
 271942 180553    27005.4587   380    29013.7978    27005.5150 38062987    6.92%
Elapsed time = 3350.41 sec. (1503575.90 ticks, tree = 17465.31 MB, solutions = 35)
Nodefile size = 15417.65 MB (13122.90 MB after compression)
 272396 180315    27006.3783   418    29013.7978    27005.5150 38043935    6.92%
*272642+180842                        29013.3757    27005.5150             6.92%
 272858 181166    27006.9194   459    29013.3757    27005.5150 38173792    6.92%
 273189 181543    27004.5750   293    29013.3757    27005.5150 38278612    6.92%
*273222+181014                        29013.2596    27005.5150             6.92%
 273443 181747    27005.7364   397    29013.2596    27005.5150 38325202    6.92%
*273691+181104                        29013.0202    27005.5150             6.92%
 273758 181868    27004.5626   362    29013.0202    27005.5150 38352698    6.92%
 274120 182108    28012.7336   371    29013.0202    27005.5150 38401690    6.92%
 274502 182148    27004.4088   262    29013.0202    27005.5150 38408689    6.92%
*274530+182299                        29012.8975    27005.5150             6.92%
 274760 182192    27006.2008   402    29012.8975    27005.5150 38418546    6.92%
 275229 182407    27006.6306   382    29012.8975    27005.5150 38455942    6.92%
*275661+182806                        29012.7894    27005.5150             6.92%
 275689 183205    27006.8138   401    29012.7894    27005.5150 38602690    6.92%
Elapsed time = 3430.59 sec. (1541924.50 ticks, tree = 17713.30 MB, solutions = 42)
Nodefile size = 15666.14 MB (13334.98 MB after compression)
 275953 183321    27011.8121   395    29012.7894    27005.5150 38610881    6.92%
 276258 183685    27006.4421   388    29012.7894    27005.5150 38649506    6.92%
*276489+183690                        29012.7287    27005.5150             6.92%
*276559+184204                        29012.6779    27005.5150             6.92%
 276783 184212    27009.9282   338    29012.6779    27005.5150 38700260    6.92%
*276999+184299                        29012.6074    27005.5150             6.92%
 277013 184329    27006.2121   378    29012.6074    27005.5150 38744816    6.92%
 277235 184595    27006.5789   486    29012.6074    27005.5150 38779884    6.92%
 277644 184801    27005.0018   388    29012.6074    27005.5150 38802730    6.92%
 278053 185220    27006.9781   416    29012.6074    27005.5150 38870211    6.92%
 278146 185400    27007.4324   470    29012.6074    27005.5150 38901812    6.92%
 278263 185442    27004.7802   370    29012.6074    27005.5150 38910461    6.92%
 278429 185735    27004.6527   303    29012.6074    27005.5150 38927550    6.92%
Elapsed time = 3509.07 sec. (1580484.07 ticks, tree = 17968.61 MB, solutions = 52)
Nodefile size = 15920.67 MB (13553.46 MB after compression)
 278640 185878    27012.2555   385    29012.6074    27005.5150 38933706    6.92%
 278833 186077    27006.3766   426    29012.6074    27005.5150 38948888    6.92%
 279245 186076    27005.0659   386    29012.6074    27005.5150 38962572    6.92%
 279620 186482    27006.4381   471    29012.6074    27005.5150 39035580    6.92%
 279896 187020    27004.9553   354    29012.6074    27005.5150 39114368    6.92%
 280124 187340    27004.8950   410    29012.6074    27005.5150 39178483    6.92%
 280534 187194    27006.7003   440    29012.6074    27005.5150 39146566    6.92%
 280811 187578    27004.8133   342    29012.6074    27005.5150 39210155    6.92%
 281028 187922    27008.6392   445    29012.6074    27005.5150 39235740    6.92%
 281403 188358    27010.3101   373    29012.6074    27005.5150 39271341    6.92%
Elapsed time = 3586.76 sec. (1618718.74 ticks, tree = 18211.22 MB, solutions = 52)
Nodefile size = 16163.87 MB (13760.36 MB after compression)
 281575 188064    27004.3905   309    29012.6074    27005.5150 39241796    6.92%
 281594 187381    27005.6457   403    29012.6074    27005.5150 39184016    6.92%

Root node processing (before b&c):
  Real time             =   13.21 sec. (9078.50 ticks)
Parallel b&c, 12 threads:
  Real time             = 3590.53 sec. (1622351.90 ticks)
  Sync time (average)   =  568.29 sec.
  Wait time (average)   =    0.09 sec.
                          ------------
Total (root+branch&cut) = 3603.74 sec. (1631430.39 ticks)

Solution pool: 52 solutions saved.

MIP - Time limit exceeded, integer feasible:  Objective =  2.9012607384e+04
Current MIP best bound =  2.7005514974e+04 (gap = 2007.09, 6.92%)
Solution time = 3603.74 sec.  Iterations = 39390988  Nodes = 281597 (189433)
Deterministic time = 1631430.41 ticks  (452.70 ticks/sec)

MILP problem relaxed to LP with fixed integer variables using
incumbent solution.
CPXPARAM_TimeLimit                               3600
CPXPARAM_MIP_Tolerances_MIPGap                   0
CPXPARAM_MIP_Limits_TreeMemory                   64413.1875
Parallel mode: deterministic, using up to 12 threads for concurrent optimization.
Tried aggregator 1 time.
LP Presolve eliminated 40296 rows and 5261 columns.
Aggregator did 628 substitutions.
Reduced LP has 679 rows, 560 columns, and 2373 nonzeros.
Presolve time = 0.02 sec. (14.01 ticks)
Initializing dual steep norms . . .

Iteration log . . .
Iteration:     1   Dual objective     =         29012.607384
Perturbation started.
Iteration:    51   Dual objective     =         29012.607384
Iteration:   157   Dual objective     =         29012.638956
Iteration:   232   Dual objective     =         29012.654030
Iteration:   300   Dual objective     =         29012.672842
Iteration:   375   Dual objective     =         29012.685537
Removing perturbation.

Dual simplex solved model.


Dual simplex - Optimal:  Objective =  2.9012607384e+04
Solution time =    0.04 sec.  Iterations = 382 (0)
Deterministic time = 32.71 ticks  (783.46 ticks/sec)


Solution written to file 'MFMP_v0002-pulp.sol'.
