
Log started (V12.8.0.0) Fri Nov 23 05:09:12 2018

New value for time limit in seconds: 3600
New value for mixed integer optimality gap tolerance: 0
New value for upper limit on size of tree in megabytes: 64413.2
CPXPARAM_TimeLimit                               3600
CPXPARAM_MIP_Tolerances_MIPGap                   0
CPXPARAM_MIP_Limits_TreeMemory                   64413.1875
Tried aggregator 7 times.
MIP Presolve eliminated 141080 rows and 1843 columns.
MIP Presolve modified 9879 coefficients.
Aggregator did 5441 substitutions.
Reduced MIP has 27797 rows, 18443 columns, and 266734 nonzeros.
Reduced MIP has 12822 binaries, 0 generals, 0 SOSs, and 0 indicators.
Presolve time = 1.83 sec. (1807.47 ticks)
Probing fixed 687 vars, tightened 0 bounds.
Probing changed sense of 708 constraints.
Probing time = 0.32 sec. (34.20 ticks)
Tried aggregator 2 times.
MIP Presolve eliminated 2175 rows and 784 columns.
MIP Presolve modified 2057 coefficients.
Aggregator did 253 substitutions.
Reduced MIP has 25368 rows, 17406 columns, and 211455 nonzeros.
Reduced MIP has 12040 binaries, 7 generals, 0 SOSs, and 0 indicators.
Presolve time = 0.58 sec. (474.92 ticks)
Probing time = 0.03 sec. (6.77 ticks)
Clique table members: 39141.
MIP emphasis: balance optimality and feasibility.
MIP search method: dynamic search.
Parallel mode: deterministic, using up to 12 threads.
Root relaxation solution time = 5.10 sec. (2463.50 ticks)

        Nodes                                         Cuts/
   Node  Left     Objective  IInf  Best Integer    Best Bound    ItCnt     Gap

      0     0    71947.9834  1197                  71947.9834       50         
      0     0    76668.6687  1148                   Cuts: 575     3387         
      0     0    76775.9957  1188                   Cuts: 434     6866         
      0     0    76787.9222  1145                   Cuts: 214     7758         
      0     0    76789.6786  1228                   Cuts: 290     9403         
      0     0    76853.5183  1191                   Cuts: 207    11108         
      0     0    76952.8635  1069                   Cuts: 204    13517         
      0     0    77180.0167  1178                   Cuts: 188    14836         
      0     0    77223.1438  1154                   Cuts: 184    15064         
      0     0    77653.5442  1141                   Cuts: 101    16009         
      0     0    78509.3493  1113                   Cuts: 193    20264         
      0     0    78517.2572  1102                   Cuts: 207    20907         
      0     0    78628.8214  1089                   Cuts: 105    21462         
      0     0    79295.0820  1099                    Cuts: 63    21903         
      0     0    79295.1718  1095                   Cuts: 132    22255         
      0     2    79295.1718  1095                  79295.1718    22255         
Elapsed time = 51.45 sec. (30147.37 ticks, tree = 0.01 MB, solutions = 0)
      1     3    79295.1889  1115                  79295.1724    41709         
      2     4    79295.3220  1106                  79295.1724    44113         
      4     6    79295.3257  1107                  79295.1724    44351         
      5     6    79295.3683  1049                  79295.1724    46546         
      7     3    79295.1772  1112                  79295.1724    45376         
      8     4    79295.1889  1119                  79295.1724    44560         
     10     5    79295.3220  1083                  79295.1724    45693         
     13    12    79295.3303  1090                  79295.1772    77363         
     15     8    79295.3690  1032                  79295.1772    50611         
     22    17    79295.3691  1068                  79295.1772    96873         
Elapsed time = 75.20 sec. (41335.13 ticks, tree = 0.93 MB, solutions = 0)
     35    24    79295.3270  1089                  79295.1772   127197         
     52    28    79295.2645  1089                  79295.1889   139985         
    114    54    79296.1457   938                  79295.1889   166243         
    220    66    79297.1038   953                  79295.1889   178317         
    333   207    79297.3400   877                  79295.1889   214140         
    403   291    79371.4386   940                  79295.1901   221698         
    483   328    79297.2502   957                  79295.1901   234180         
    583   410    79296.4369   898                  79295.1901   250177         
    664   552    79295.9410  1008                  79295.1901   265710         
    745   552    79403.1465   793                  79295.1901   261996         
Elapsed time = 106.19 sec. (51277.36 ticks, tree = 103.17 MB, solutions = 0)
    794   652    79298.6092   852                  79295.1901   279672         
    863   643    infeasible                        79295.1901   279614         
    940   779    80169.2845   843                  79295.1901   287862         
   1065   947    79408.1103   844                  79295.1901   306133         
   1189   856    79317.3668   842                  79295.1901   297430         
   1332  1136    80168.4642   813                  79295.1901   326269         
   1467  1162    79319.4233   802                  79295.1901   330461         
   1637  1221    80168.0370   837                  79295.1901   335969         
   1823  1498    80170.7473   828                  79295.1901   353176         
   2031  1764    79948.9161   863                  79295.1901   379842         
Elapsed time = 134.87 sec. (60871.92 ticks, tree = 435.54 MB, solutions = 0)
   2208  1846    80168.4459   815                  79295.1901   383560         
   2341  2086    79301.2412   895                  79295.1901   402401         
   2475  2078    80173.1783   893                  79295.1901   402301         
   2594  2350    79410.5185   889                  79295.1901   426769         
   2728  2488    80170.3986   834                  79295.1901   444987         
   2894  2529    80273.5410   781                  79295.1901   448960         
   3058  2726    80173.1805   876                  79295.1901   468706         
   3241  2961    79424.7034   893                  79295.1901   477266         
   3378  3142    80273.6002   784                  79295.1901   491845         
   3522  3165    80181.3995   809                  79295.1901   495799         
Elapsed time = 163.03 sec. (70458.01 ticks, tree = 898.02 MB, solutions = 0)
   3629  3249    80173.1438   869                  79295.1901   501637         
   3794  3437    80174.8997   829                  79295.1901   526181         
   3899  3695    80351.9306   885                  79295.1901   562207         
   3990  3694    82049.7708   845                  79295.1901   560431         
   4075  3927    79873.5428   840                  79295.1901   596190         
   4206  3963    80277.0003   869                  79295.1901   598201         
   4330  4071    80173.0039   829                  79295.1901   611269         
   4453  4121    80174.5526   851                  79295.1901   618412         
   4548  4215    80301.5394   884                  79295.1901   636693         
   4625  4485    80175.6181   827                  79295.1901   683185         
Elapsed time = 191.64 sec. (80075.88 ticks, tree = 1256.32 MB, solutions = 0)
   4726  4533    81062.8827   830                  79295.1901   685624         
   4805  4445    82029.2797   793                  79295.1901   675824         
   4891  4570    81097.7950   874                  79295.1901   702567         
   4974  4808    82027.9781   726                  79295.1901   754652         
   5068  4834    82028.2093   725                  79295.1901   756220         
   5154  4993    82028.5939   717                  79295.1901   800795         
   5250  5125    82029.3233   721                  79295.1901   824067         
   5369  5047    79354.7006   903                  79295.1901   814108         
   5497  5156    82029.6926   840                  79295.1901   850079         
   5585  5142    82029.2837   777                  79295.1901   845739         
Elapsed time = 222.69 sec. (89819.69 ticks, tree = 1546.67 MB, solutions = 0)
   5713  5361    82030.5204   707                  79295.1901   876320         
   5863  5451    82029.2856   771                  79295.1901   888280         
   6041  5653    82031.6340   608                  79295.1901   921561         
   6318  5685    82033.2911   535                  79295.1901   923398         
   6570  6167    82042.4796   374                  79295.1901   965720         
   6775  6291    83030.8498   645                  79295.1901   980332         
   7013  6758    82031.2759   632                  79295.1901  1008401         
   7302  6632    82035.5935   356                  79295.1901   996811         
   7629  6834    82033.0764   526                  79295.1901  1011573         
   7889  7092    81074.5770   786                  79295.1901  1042029         
Elapsed time = 251.22 sec. (99407.68 ticks, tree = 2191.07 MB, solutions = 0)
Nodefile size = 143.53 MB (117.90 MB after compression)
   8092  7250    83042.1658   313                  79295.1901  1048541         
   8228  7740    83042.3397   372                  79295.1901  1088394         
   8385  7679    79329.0211  1047                  79295.1901  1084025         
   8559  8254    82037.8805   357                  79295.1901  1149935         
   8687  8125    79978.8419   929                  79295.1901  1131528         
   8881  8432    82030.1031   640                  79295.2317  1178601         
   9079  8543    83042.3116   314                  79295.2317  1190932         
   9251  8772    83032.9958   671                  79295.2317  1220281         
   9424  8856    82031.7027   564                  79295.2317  1224044         
   9621  9237    82032.7643   514                  79295.2317  1266559         
Elapsed time = 278.91 sec. (108988.79 ticks, tree = 2696.20 MB, solutions = 0)
Nodefile size = 648.64 MB (535.76 MB after compression)
   9856  9147    82038.6206   284                  79295.2317  1251638         
  10078  9509    79331.0058   928                  79295.2317  1294429         
  10252  9505    83042.2228   325                  79295.2317  1293763         
  10566 10134    83034.2142   416                  79295.2317  1349487         
  10818 10135    83030.1239   510                  79295.2317  1344956         
  11086 10338    83045.0785   270                  79295.2317  1355183         
  11267 10435    83037.5906   212                  79295.2317  1364965         
  11454 10810    83032.6533   386                  79295.2317  1388548         
  11659 11071    83041.1399   151                  79295.2317  1405619         
  11805 11382    83038.9902   280                  79295.2317  1432469         
Elapsed time = 307.43 sec. (118539.85 ticks, tree = 3270.62 MB, solutions = 0)
Nodefile size = 1219.03 MB (1002.79 MB after compression)
  11994 11256    83034.1922   306                  79295.2317  1425760         
  12270 11566    83048.6828    75                  79295.2317  1452196         
  12501 11672    83041.0637   177                  79295.2317  1482982         
  12717 11982    79338.1007  1057                  79295.2317  1519238         
  12902 12206    83045.5355    47                  79295.2317  1529783         
  13125 12162    80264.0466   971                  79295.2317  1535127         
  13420 12455    80307.2289   849                  79295.2317  1555274         
  13662 13060    83030.1609   687                  79295.2317  1604895         
  13882 12942    84040.0304    65                  79295.2317  1594336         
  14800 14088    84050.5107    38                  79295.2317  1699140         
Elapsed time = 346.32 sec. (130972.33 ticks, tree = 3951.20 MB, solutions = 0)
Nodefile size = 1904.38 MB (1482.85 MB after compression)
* 15418+14709                        86046.9698    79295.2317             7.85%
* 15519+14876                        85046.2659    79295.2317             6.76%
  15800 14667    83040.0974   360    85046.2659    79295.2317  1744617    6.76%
  16551 15764    83045.1744   138    85046.2659    79295.2616  1851008    6.76%
* 17171+16290                        83046.3476    79295.2642             4.52%
  17192 16753    79337.8753   903    83046.3476    79295.2642  1931592    4.52%
  17575 15291    82030.6541   669    83046.3476    79295.2642  1959423    4.52%
  18152 15762    82033.9880   463    83046.3476    79295.2642  2005539    4.52%
  18342 15794    79329.0267   997    83046.3476    79295.2642  2019437    4.52%
  18343 16272    81025.7852  1199    83046.3476    80357.3653  2143758    3.24%
  18347 16275    81025.8034  1222    83046.3476    81025.7852  2166896    2.43%
  18348 16276    81026.0183  1259    83046.3476    81025.7852  2172926    2.43%
  18352  6979    81026.8152  1235    83046.3476    81025.7890  2184691    2.43%
Elapsed time = 620.04 sec. (276345.46 ticks, tree = 877.02 MB, solutions = 5)
  18355  5818    81026.6890  1273    83046.3476    81025.7890  2195009    2.43%
  18360  5049    81027.8184  1147    83046.3476    81025.7890  2223105    2.43%
  18372   340    81026.3176  1363    83046.3476    81025.7890  2239218    2.43%
  18379    38    81699.9811  1255    83046.3476    81025.7890  2168895    2.43%
  18388    31    81027.1425  1178    83046.3476    81025.7890  2303653    2.43%
  18418    33    81026.4591  1305    83046.3476    81025.7890  2355510    2.43%
  18429    32    82000.1027  1194    83046.3476    81025.9693  2327771    2.43%
  18451    75    81026.8660  1191    83046.3476    81025.9693  2520175    2.43%
  18470    80    82699.6968  1252    83046.3476    81025.9693  2562531    2.43%
  18482   113    82026.8082  1160    83046.3476    81025.9693  2706817    2.43%
Elapsed time = 773.95 sec. (320942.09 ticks, tree = 9.28 MB, solutions = 5)
  18496   121    82025.9949  1225    83046.3476    81025.9693  2716116    2.43%
  18521   129    82026.2700  1181    83046.3476    81025.9693  2721335    2.43%
  18540   127    82027.4677  1135    83046.3476    81025.9693  2784033    2.43%
  18569   155    82027.3035  1190    83046.3476    81025.9693  2936411    2.43%
  18600   158    82026.8201  1237    83046.3476    81025.9693  3011733    2.43%
  18646   213    83029.9141   772    83046.3476    81025.9693  3079420    2.43%
  18718   256    83031.1255   599    83046.3476    81025.9693  3084269    2.43%
  18821   367    83034.2443   518    83046.3476    81025.9693  3204300    2.43%
  18897   416    83036.5710   544    83046.3476    81025.9693  3208114    2.43%
  18942   408    82026.8554  1152    83046.3476    81025.9693  3287969    2.43%
Elapsed time = 916.89 sec. (360816.50 ticks, tree = 52.31 MB, solutions = 5)
  19021   531    83040.2119   421    83046.3476    81025.9693  3300350    2.43%
  19150   403    83029.1430   942    83046.3476    81025.9693  3270100    2.43%
  19262   530    82861.1867   979    83046.3476    81025.9693  3355283    2.43%
  19345   770    infeasible          83046.3476    81025.9693  3460917    2.43%
  19405   528    83026.7609  1055    83046.3476    81025.9693  3393775    2.43%
  19495   837    infeasible          83046.3476    81025.9693  3562577    2.43%
  19571   842    83027.8798   930    83046.3476    81025.9693  3568512    2.43%
  19674  1110    83036.5950   544    83046.3476    81025.9693  3736155    2.43%
  19841  1141    83028.5213   847    83046.3476    81025.9693  3755225    2.43%
  19968   905    82527.8376   962    83046.3476    81025.9693  3631424    2.43%
Elapsed time = 1059.27 sec. (399754.22 ticks, tree = 259.55 MB, solutions = 5)
  20107  1164    infeasible          83046.3476    81025.9693  3779495    2.43%
  20249  1207    83029.1996   797    83046.3476    81025.9693  3795744    2.43%
  20425  1201    83030.1282   812    83046.3476    81025.9693  3823312    2.43%
  20624  1731    83033.1105   518    83046.3476    81025.9693  4020590    2.43%
  20875  1839    83039.5494   530    83046.3476    81025.9693  4027256    2.43%
  21161  1864    83034.0582   471    83046.3476    81025.9693  4058558    2.43%
  21479  2574    83036.9531   322    83046.3476    81025.9693  4204405    2.43%
  21680  2641    83032.5846   516    83046.3476    81025.9693  4222754    2.43%
  21787  2682    83034.0851   430    83046.3476    81025.9693  4226482    2.43%
  21854  2826    83035.0071   450    83046.3476    81025.9693  4328373    2.43%
Elapsed time = 1199.89 sec. (438475.04 ticks, tree = 781.20 MB, solutions = 5)
  21948  2909    83036.9331   370    83046.3476    81025.9693  4335129    2.43%
  22043  2736    82032.2039  1128    83046.3476    81025.9693  4330261    2.43%
  22078  2908    82026.1931  1243    83046.3476    81025.9693  4385987    2.43%
  22105  3163    82027.7340  1072    83046.3476    81025.9693  4503885    2.43%
  22131  3194    82528.3031   967    83046.3476    81025.9693  4602792    2.43%
  22162  3202    82540.5256  1022    83046.3476    81025.9693  4609750    2.43%
  22204  3429    82025.9371  1279    83046.3476    81025.9693  4786805    2.43%
  22243  3401    82680.8076  1103    83046.3476    81025.9693  4681175    2.43%
  22298  3473    83029.1423   947    83046.3476    81025.9693  4855122    2.43%
  22391  3535    83031.9186   708    83046.3476    81025.9693  4860888    2.43%
Elapsed time = 1362.17 sec. (480344.62 ticks, tree = 966.35 MB, solutions = 5)
  22495  3561    83029.8355   850    83046.3476    81025.9693  4949362    2.43%
  22648  3750    83036.1740   465    83046.3476    81025.9693  5002632    2.43%
  22828  3804    83031.6029   629    83046.3476    81025.9693  5048874    2.43%
  23003  3859    83034.1873   520    83046.3476    81025.9693  5055209    2.43%
  23186  4055    83038.1964   511    83046.3476    81025.9693  5187414    2.43%
  23396  4088    83028.7890   804    83046.3476    81025.9693  5222662    2.43%
  23580  4111    83029.6886   710    83046.3476    81025.9693  5227998    2.43%
  23960  4336    81027.0836  1218    83046.3476    81026.0248  5286265    2.43%
  24224  4858    83031.8601   602    83046.3476    81026.0248  5397188    2.43%
  24411  4932    83036.6157   483    83046.3476    81026.0248  5401953    2.43%
Elapsed time = 1500.69 sec. (518679.08 ticks, tree = 1493.17 MB, solutions = 5)
  24514  5448    83038.8233   472    83046.3476    81026.0248  5539207    2.43%
  24680  5354    83031.8426   680    83046.3476    81026.0248  5482523    2.43%
  24770  5635    82026.8164  1210    83046.3476    81026.0248  5612216    2.43%
  24874  5738    83036.8829   500    83046.3476    81026.0248  5588934    2.43%
  24939  5893    83037.3054   571    83046.3476    81026.0248  5734416    2.43%
  25008  5886    81026.8309  1173    83046.3476    81026.0248  5764969    2.43%
  25103  5974    83028.1831  1050    83046.3476    81026.0248  5836787    2.43%
  25219  6157    83042.4297   310    83046.3476    81026.0248  5864694    2.43%
  25412  6162    82030.3989   852    83046.3476    81026.0248  5922523    2.43%
  25464  5949    82178.9344  1220    83046.3476    81026.0248  5841065    2.43%
Elapsed time = 1645.11 sec. (557637.33 ticks, tree = 1757.51 MB, solutions = 5)
  25522  6156    81027.3123  1289    83046.3476    81026.0248  5967992    2.43%
  25636  6206    83028.7467   957    83046.3476    81026.0248  6030062    2.43%
  25796  6362    83035.2873   610    83046.3476    81026.0248  6063033    2.43%
  25915  6587    82361.4857  1128    83046.3476    81026.0248  6191598    2.43%
  25988  6747    82036.0122   461    83046.3476    81026.0248  6206714    2.43%
  26111  6742    82026.6511  1111    83046.3476    81026.0248  6282007    2.43%
  26229  6914    83039.2802   390    83046.3476    81026.0248  6314434    2.43%
  26379  7023    83044.5485   223    83046.3476    81026.0248  6319857    2.43%
  26472  6901    83027.9080  1042    83046.3476    81026.0248  6341382    2.43%
  26563  7165    83027.7452   965    83046.3476    81026.0248  6511233    2.43%
Elapsed time = 1793.56 sec. (597000.21 ticks, tree = 2125.94 MB, solutions = 5)
Nodefile size = 77.98 MB (65.09 MB after compression)
  26629  7420    82030.7096   999    83046.3476    81026.0248  6631381    2.43%
  26733  7453    83027.9249  1025    83046.3476    81026.0248  6652801    2.43%
  26855  7480    83035.4045   758    83046.3476    81026.0248  6625696    2.43%
  26996  7497    83030.1045   822    83046.3476    81026.0248  6658431    2.43%
  27217  7688    81027.2488  1219    83046.3476    81026.0248  6746041    2.43%
  27409  7957    81027.4870  1243    83046.3476    81026.0248  6881048    2.43%
  27462  7887    82027.0836  1232    83046.3476    81026.0248  6843077    2.43%
  27549  7879    infeasible          83046.3476    81026.0248  6882990    2.43%
  27692  8245    81027.4516  1274    83046.3476    81026.0248  7022754    2.43%
  27794  8144    83032.2963   971    83046.3476    81026.0248  6998010    2.43%
Elapsed time = 1940.80 sec. (635417.18 ticks, tree = 2459.55 MB, solutions = 5)
Nodefile size = 412.12 MB (343.92 MB after compression)
  27884  8512    83033.7476   720    83046.3476    81026.0248  7081419    2.43%
  27964  8596    83027.2440  1051    83046.3476    81026.0248  7152630    2.43%
  28110  8664    81029.3638  1075    83046.3476    81026.0248  7177760    2.43%
  28234  8868    83039.9025   510    83046.3476    81026.0248  7267690    2.43%
  28289  8671    82028.6279  1037    83046.3476    81026.0248  7189014    2.43%
  28395  8904    83041.4344   480    83046.3476    81026.0248  7282694    2.43%
  28522  9080    82026.6526  1231    83046.3476    81026.0248  7423815    2.43%
  28624  9000    83031.7487   787    83046.3476    81026.0248  7344535    2.43%
  28729  9098    83028.3998  1082    83046.3476    81026.0248  7452462    2.43%
  28843  9365    83031.6462   811    83046.3476    81026.0248  7589488    2.43%
Elapsed time = 2088.81 sec. (674008.38 ticks, tree = 2728.41 MB, solutions = 5)
Nodefile size = 681.31 MB (569.29 MB after compression)
  28909  9329    83026.9481  1031    83046.3476    81026.0248  7538133    2.43%
  29031  9596    83028.2470   925    83046.3476    81026.0248  7724898    2.43%
  29209  9639    83030.7391   714    83046.3476    81026.0248  7729802    2.43%
  29367  9665    82030.9606   748    83046.3476    81026.0248  7806447    2.43%
  29468 10064    81028.1698  1103    83046.3476    81026.0248  7906850    2.43%
  29566 10005    81027.9092  1170    83046.3476    81026.0248  7874928    2.43%
  29674  9618    83027.1984  1101    83046.3476    81026.0248  7784902    2.43%
  29760 10304    83029.9886   750    83046.3476    81026.0248  8067968    2.43%
  29850 10437    82026.4842  1152    83046.3476    81026.0248  8122222    2.43%
  29968 10207    81026.6798  1267    83046.3476    81026.0248  8030317    2.43%
Elapsed time = 2236.36 sec. (712585.16 ticks, tree = 3053.26 MB, solutions = 5)
Nodefile size = 1005.91 MB (838.10 MB after compression)
  30141 10558    83031.9307   776    83046.3476    81026.0248  8210146    2.43%
  30341 10237    82178.6876  1236    83046.3476    81026.0248  8071872    2.43%
  30542 10693        cutoff          83046.3476    81026.0248  8262642    2.43%
  30711 10725    infeasible          83046.3476    81026.0248  8318645    2.43%
  30778 10687    81028.0224  1084    83046.3476    81026.0248  8300898    2.43%
  30859 11413    81028.2462  1302    83046.3476    81026.0248  8510935    2.43%
  30891 11179    81028.4020  1244    83046.3476    81026.0248  8439910    2.43%
  30975 11496    82026.4897  1260    83046.3476    81026.0248  8569336    2.43%
  31059 11416    81851.5602  1141    83046.3476    81026.0248  8526122    2.43%
  31103 11408    82026.2858  1220    83046.3476    81026.0248  8498509    2.43%
Elapsed time = 2384.32 sec. (751307.43 ticks, tree = 3399.60 MB, solutions = 5)
Nodefile size = 1351.70 MB (1123.98 MB after compression)
  31254 11637    82027.6156  1208    83046.3476    81026.0248  8762535    2.43%
  31433 11650    83029.6771   809    83046.3476    81026.0248  8732495    2.43%
  31671 11701    83030.9280   678    83046.3476    81026.0248  8737360    2.43%
  31842 11802    83030.1261   825    83046.3476    81026.0248  8821931    2.43%
  31904 11650    81453.0647  1176    83046.3476    81026.0248  8809722    2.43%
  31951 12073    81680.2840  1151    83046.3476    81026.0248  8984730    2.43%
  32031 12058    81028.1156  1179    83046.3476    81026.0248  8950801    2.43%
  32107 12419    83030.6190   752    83046.3476    81026.0248  9073795    2.43%
  32221 12314    82028.5068   958    83046.3476    81026.0248  9036320    2.43%
  32259 12585    82032.0404   962    83046.3476    81026.0248  9194679    2.43%
Elapsed time = 2534.85 sec. (790463.82 ticks, tree = 3701.48 MB, solutions = 5)
Nodefile size = 1654.11 MB (1376.98 MB after compression)
  32330 12541    81028.9596  1135    83046.3476    81026.0248  9186500    2.43%
  32453 12535    81028.1223  1151    83046.3476    81026.0248  9169637    2.43%
  32565 12860    83030.6617   881    83046.3476    81026.0248  9359929    2.43%
  32688 12732    82026.2543  1335    83046.3476    81026.0248  9300985    2.43%
  32775 12956    81027.1239  1256    83046.3476    81026.0248  9368549    2.43%
  32878 13279    83027.7523   913    83046.3476    81026.0248  9553376    2.43%
  33033 13118    83031.2345   853    83046.3476    81026.0248  9502603    2.43%
  33098 13336    83029.9831   726    83046.3476    81026.0248  9560938    2.43%
  33223 13392    83031.8517   696    83046.3476    81026.0248  9566935    2.43%
  33334 13772    83026.9298  1133    83046.3476    81026.0248  9777764    2.43%
Elapsed time = 2679.07 sec. (828698.52 ticks, tree = 4055.56 MB, solutions = 5)
Nodefile size = 2008.00 MB (1676.21 MB after compression)
  33388 13717    81528.9403  1184    83046.3476    81026.0248  9764814    2.43%
  33447 13800    83030.0873   958    83046.3476    81026.0248  9807496    2.43%
  33572 13571    82026.4779  1185    83046.3476    81026.0248  9754588    2.43%
  33639 13825    83026.9628  1086    83046.3476    81026.0248  9858823    2.43%
  33716 13985    83026.9957  1024    83046.3476    81026.0248 10034014    2.43%
  33801 14099    83027.8941   905    83046.3476    81026.0248 10147522    2.43%
  33913 14108    83028.5747   877    83046.3476    81026.0248 10152852    2.43%
  34051 14062    83029.1765   843    83046.3476    81026.0248 10048529    2.43%
  34155 14467    83029.2134   886    83046.3476    81026.0248 10290157    2.43%
  34305 14512    83031.0023   791    83046.3476    81026.0248 10295096    2.43%
Elapsed time = 2829.18 sec. (867278.70 ticks, tree = 4307.16 MB, solutions = 5)
Nodefile size = 2259.81 MB (1886.88 MB after compression)
  34419 14600    81027.2195  1159    83046.3476    81026.0248 10349894    2.43%
  34612 14435    81027.0998  1316    83046.3476    81026.0248 10260875    2.43%
  34736 14597    81027.1560  1246    83046.3476    81026.0248 10347368    2.43%
  34853 14904    81027.6543  1190    83046.3476    81026.0248 10483395    2.43%
  34938 14750    83030.5501   759    83046.3476    81026.0248 10427196    2.43%
  35130 14908    82026.6282  1139    83046.3476    81026.0248 10476478    2.43%
  35298 15186    82026.4777  1260    83046.3476    81026.0248 10603677    2.43%
  35444 15442    83034.3840   516    83046.3476    81026.0248 10685538    2.43%
  35580 15521    83038.0521   479    83046.3476    81026.0248 10691552    2.43%
  35811 15494        cutoff          83046.3476    81026.0248 10714283    2.43%
Elapsed time = 2976.69 sec. (906163.23 ticks, tree = 4558.55 MB, solutions = 5)
Nodefile size = 2511.00 MB (2094.10 MB after compression)
  35927 15606    82032.6522   860    83046.3476    81026.0248 10736584    2.43%
  35995 15904    83028.3258  1043    83046.3476    81026.5661 10864953    2.43%
  36171 16260    83036.9561   662    83046.3476    81026.5661 10949371    2.43%
  36344 16327    83027.9676  1008    83046.3476    81026.5661 10966443    2.43%
  36474 16428    82027.0456  1151    83046.3476    81026.5661 11075733    2.43%
  36585 16409    82032.4673  1120    83046.3476    81026.5661 11063583    2.43%
  36673 16383    81027.6193  1283    83046.3476    81026.5661 10996662    2.43%
  36742 16496    83026.1919  1125    83046.3476    81026.5661 11117114    2.43%
  36790 16818    82026.9550  1106    83046.3476    81026.5661 11276995    2.43%
  36899 16971    81027.7328  1169    83046.3476    81026.5661 11331959    2.43%
Elapsed time = 3130.17 sec. (946825.83 ticks, tree = 4946.03 MB, solutions = 5)
Nodefile size = 2898.59 MB (2413.67 MB after compression)
  36979 17164    83028.1896  1052    83046.3476    81026.5661 11446600    2.43%
  37143 16963    82027.1397  1098    83046.3476    81026.5661 11316875    2.43%
  37262 17050    82026.8004  1209    83046.3476    81026.5661 11407470    2.43%
  37325 17400    81027.7289  1174    83046.3476    81026.5661 11612834    2.43%
  37421 17275    83026.5874  1034    83046.3476    81026.5661 11571886    2.43%
  37547 17366    83029.6166   871    83046.3476    81026.5661 11597109    2.43%
  37664 17428    83035.7214   704    83046.3476    81026.5661 11602784    2.43%
  37782 17435    82026.4823  1131    83046.3476    81026.5661 11631920    2.43%
  37946 17930    83027.5605  1103    83046.3476    81026.5661 11847602    2.43%
  38125 17947    83029.2146   835    83046.3476    81026.5661 11852607    2.43%
Elapsed time = 3279.83 sec. (985852.27 ticks, tree = 5015.47 MB, solutions = 5)
Nodefile size = 2968.11 MB (2470.97 MB after compression)
  38235 17665    82026.6918  1157    83046.3476    81026.5661 11812937    2.43%
  38336 18113    82026.4734  1191    83046.3476    81026.5661 11897299    2.43%
* 38415+18281                        83046.1838    81026.5661             2.43%
  38461 18394    83027.2313  1007    83046.1838    81026.5661 12094637    2.43%
  38624 18389    83030.4679   695    83046.1838    81026.6541 12027130    2.43%
* 38697+18398                        83046.0923    81026.6541             2.43%
  38765 18432    81027.5892  1266    83046.0923    81026.6541 12063755    2.43%
  38866 18590    82027.6883  1189    83046.0923    81026.6541 12155065    2.43%
  38990 18816    83028.4921   909    83046.0923    81026.6541 12232249    2.43%
  39098 18902    81027.3883  1242    83046.0923    81026.6541 12300506    2.43%
  39190 18776    81027.3481  1201    83046.0923    81026.6541 12216182    2.43%
  39346 19333    82026.7257  1212    83046.0923    81026.6541 12474034    2.43%
Elapsed time = 3430.26 sec. (1024845.19 ticks, tree = 5387.70 MB, solutions = 8)
Nodefile size = 3340.07 MB (2776.95 MB after compression)
  39497 19330    81027.7256  1218    83046.0923    81026.6541 12436436    2.43%
  39605 18911    81678.7542  1261    83046.0923    81026.6541 12323421    2.43%
* 39634+19425                        83045.9284    81026.6541             2.43%
  39664 19358    83026.7547  1166    83045.9284    81026.6541 12471137    2.43%
* 39798+19489                        83045.9212    81026.6541             2.43%
  39818 19338    81027.7473  1208    83045.9212    81026.6541 12436880    2.43%
  39895 19639    81596.1905  1125    83045.9212    81026.6541 12705311    2.43%
  40039 19942    82027.8566  1182    83045.9212    81026.6541 12781322    2.43%
  40246 19506    82178.7995  1132    83045.9212    81026.6541 12546770    2.43%
  40351 19557    82028.3085  1087    83045.9212    81026.6541 12712966    2.43%
  40408 19974    82028.8809   935    83045.9212    81026.6541 12796590    2.43%
  40540 20095    83028.7466   905    83045.9212    81026.6541 12828045    2.43%
Elapsed time = 3570.41 sec. (1063225.49 ticks, tree = 5671.62 MB, solutions = 11)
Nodefile size = 3623.94 MB (3013.05 MB after compression)
  40654 20354    81027.5935  1198    83045.9212    81026.6541 12964358    2.43%
  40790 20185    82033.2733   666    83045.9212    81026.6831 12872811    2.43%

GUB cover cuts applied:  10
Clique cuts applied:  25
Cover cuts applied:  28
Implied bound cuts applied:  401
Flow cuts applied:  49
Mixed integer rounding cuts applied:  279
Zero-half cuts applied:  198
Lift and project cuts applied:  11
Gomory fractional cuts applied:  63

Root node processing (before b&c):
  Real time             =   51.15 sec. (30027.31 ticks)
Parallel b&c, 12 threads:
  Real time             = 3553.02 sec. (1044380.21 ticks)
  Sync time (average)   =  343.53 sec.
  Wait time (average)   =    0.13 sec.
                          ------------
Total (root+branch&cut) = 3604.17 sec. (1074407.52 ticks)

Solution pool: 11 solutions saved.

MIP - Time limit exceeded, integer feasible:  Objective =  8.3045921171e+04
Current MIP best bound =  8.1026683056e+04 (gap = 2019.24, 2.43%)
Solution time = 3604.17 sec.  Iterations = 13212231  Nodes = 40846 (21006)
Deterministic time = 1074407.59 ticks  (298.10 ticks/sec)

MILP problem relaxed to LP with fixed integer variables using
incumbent solution.
CPXPARAM_TimeLimit                               3600
CPXPARAM_MIP_Tolerances_MIPGap                   0
CPXPARAM_MIP_Limits_TreeMemory                   64413.1875
Parallel mode: deterministic, using up to 12 threads for concurrent optimization.
Tried aggregator 1 time.
LP Presolve eliminated 169169 rows and 20823 columns.
Aggregator did 2556 substitutions.
Reduced LP has 3022 rows, 2348 columns, and 11561 nonzeros.
Presolve time = 0.07 sec. (59.12 ticks)
Initializing dual steep norms . . .

Iteration log . . .
Iteration:     1   Dual objective     =         83045.921171
Perturbation started.
Iteration:   101   Dual objective     =         83045.921171
Iteration:   335   Dual objective     =         83046.048140
Iteration:   564   Dual objective     =         83046.086669
Iteration:   746   Dual objective     =         83046.116208
Iteration:   899   Dual objective     =         83046.140467
Iteration:  1043   Dual objective     =         83046.163681
Iteration:  1196   Dual objective     =         83046.193637
Iteration:  1343   Dual objective     =         83046.242966
Iteration:  1474   Dual objective     =         83046.279853
Iteration:  1647   Dual objective     =         83046.294235
Removing perturbation.

Dual simplex solved model.


Dual simplex - Optimal:  Objective =  8.3045921171e+04
Solution time =    0.20 sec.  Iterations = 1670 (0)
Deterministic time = 157.04 ticks  (791.93 ticks/sec)


Solution written to file 'MFMP_v0002-pulp.sol'.
